<?xml version="1.0" encoding="UTF-8"?>
<coverage generated="1549418235336" clover="3.2.0">
  <project timestamp="1549418235336" name="All files">
    <metrics statements="211" coveredstatements="177" conditionals="62" coveredconditionals="48" methods="89" coveredmethods="68" elements="362" coveredelements="293" complexity="0" loc="211" ncloc="211" packages="14" files="17" classes="17">
      <package name="actions">
        <metrics statements="6" coveredstatements="6" conditionals="0" coveredconditionals="0" methods="6" coveredmethods="6"/>
        <file name="index.js" path="/Users/whitneyburton/Documents/turing/mod3/movie-tracker/The_Best_Movies/src/actions/index.js">
          <metrics statements="6" coveredstatements="6" conditionals="0" coveredconditionals="0" methods="6" coveredmethods="6"/>
          <line num="2" count="9" type="stmt"/>
          <line num="7" count="9" type="stmt"/>
          <line num="12" count="9" type="stmt"/>
          <line num="19" count="9" type="stmt"/>
          <line num="25" count="9" type="stmt"/>
          <line num="31" count="9" type="stmt"/>
        </file>
      </package>
      <package name="api">
        <metrics statements="23" coveredstatements="23" conditionals="8" coveredconditionals="8" methods="5" coveredmethods="5"/>
        <file name="index.js" path="/Users/whitneyburton/Documents/turing/mod3/movie-tracker/The_Best_Movies/src/api/index.js">
          <metrics statements="23" coveredstatements="23" conditionals="8" coveredconditionals="8" methods="5" coveredmethods="5"/>
          <line num="4" count="8" type="stmt"/>
          <line num="5" count="8" type="stmt"/>
          <line num="6" count="8" type="stmt"/>
          <line num="14" count="8" type="stmt"/>
          <line num="15" count="2" type="stmt"/>
          <line num="16" count="2" type="cond" truecount="2" falsecount="0"/>
          <line num="17" count="1" type="stmt"/>
          <line num="18" count="1" type="stmt"/>
          <line num="21" count="8" type="stmt"/>
          <line num="22" count="2" type="stmt"/>
          <line num="23" count="2" type="cond" truecount="2" falsecount="0"/>
          <line num="24" count="1" type="stmt"/>
          <line num="25" count="1" type="stmt"/>
          <line num="28" count="8" type="stmt"/>
          <line num="29" count="3" type="stmt"/>
          <line num="30" count="3" type="cond" truecount="2" falsecount="0"/>
          <line num="31" count="2" type="stmt"/>
          <line num="32" count="2" type="stmt"/>
          <line num="35" count="8" type="stmt"/>
          <line num="36" count="4" type="stmt"/>
          <line num="37" count="3" type="cond" truecount="2" falsecount="0"/>
          <line num="38" count="2" type="stmt"/>
          <line num="39" count="2" type="stmt"/>
        </file>
      </package>
      <package name="components">
        <metrics statements="0" coveredstatements="0" conditionals="0" coveredconditionals="0" methods="0" coveredmethods="0"/>
        <file name="index.js" path="/Users/whitneyburton/Documents/turing/mod3/movie-tracker/The_Best_Movies/src/components/index.js">
          <metrics statements="0" coveredstatements="0" conditionals="0" coveredconditionals="0" methods="0" coveredmethods="0"/>
        </file>
      </package>
      <package name="components.CreateAccountPrompt">
        <metrics statements="6" coveredstatements="6" conditionals="0" coveredconditionals="0" methods="3" coveredmethods="3"/>
        <file name="CreateAccountPrompt.js" path="/Users/whitneyburton/Documents/turing/mod3/movie-tracker/The_Best_Movies/src/components/CreateAccountPrompt/CreateAccountPrompt.js">
          <metrics statements="6" coveredstatements="6" conditionals="0" coveredconditionals="0" methods="3" coveredmethods="3"/>
          <line num="5" count="4" type="stmt"/>
          <line num="6" count="4" type="stmt"/>
          <line num="7" count="4" type="stmt"/>
          <line num="9" count="4" type="stmt"/>
          <line num="12" count="1" type="stmt"/>
          <line num="13" count="1" type="stmt"/>
        </file>
      </package>
      <package name="components.Movie">
        <metrics statements="27" coveredstatements="23" conditionals="12" coveredconditionals="9" methods="12" coveredmethods="7"/>
        <file name="Movie.js" path="/Users/whitneyburton/Documents/turing/mod3/movie-tracker/The_Best_Movies/src/components/Movie/Movie.js">
          <metrics statements="27" coveredstatements="23" conditionals="12" coveredconditionals="9" methods="12" coveredmethods="7"/>
          <line num="8" count="4" type="stmt"/>
          <line num="13" count="10" type="stmt"/>
          <line num="14" count="10" type="stmt"/>
          <line num="15" count="1" type="stmt"/>
          <line num="16" count="1" type="cond" truecount="1" falsecount="1"/>
          <line num="17" count="1" type="stmt"/>
          <line num="18" count="1" type="stmt"/>
          <line num="19" count="1" type="stmt"/>
          <line num="20" count="1" type="stmt"/>
          <line num="21" count="1" type="cond" truecount="1" falsecount="1"/>
          <line num="24" count="1" type="stmt"/>
          <line num="25" count="1" type="stmt"/>
          <line num="27" count="0" type="stmt"/>
          <line num="31" count="10" type="stmt"/>
          <line num="32" count="1" type="stmt"/>
          <line num="34" count="1" type="stmt"/>
          <line num="40" count="10" type="stmt"/>
          <line num="41" count="9" type="stmt"/>
          <line num="46" count="10" type="cond" truecount="2" falsecount="0"/>
          <line num="48" count="10" type="stmt"/>
          <line num="51" count="2" type="stmt"/>
          <line num="64" count="1" type="cond" truecount="1" falsecount="1"/>
          <line num="69" count="4" type="stmt"/>
          <line num="73" count="4" type="stmt"/>
          <line num="74" count="0" type="stmt"/>
          <line num="75" count="0" type="stmt"/>
          <line num="76" count="0" type="stmt"/>
        </file>
      </package>
      <package name="components.Nav">
        <metrics statements="2" coveredstatements="2" conditionals="0" coveredconditionals="0" methods="1" coveredmethods="1"/>
        <file name="Nav.js" path="/Users/whitneyburton/Documents/turing/mod3/movie-tracker/The_Best_Movies/src/components/Nav/Nav.js">
          <metrics statements="2" coveredstatements="2" conditionals="0" coveredconditionals="0" methods="1" coveredmethods="1"/>
          <line num="5" count="4" type="stmt"/>
          <line num="6" count="1" type="stmt"/>
        </file>
      </package>
      <package name="components.View">
        <metrics statements="7" coveredstatements="5" conditionals="2" coveredconditionals="2" methods="5" coveredmethods="3"/>
        <file name="View.js" path="/Users/whitneyburton/Documents/turing/mod3/movie-tracker/The_Best_Movies/src/components/View/View.js">
          <metrics statements="7" coveredstatements="5" conditionals="2" coveredconditionals="2" methods="5" coveredmethods="3"/>
          <line num="11" count="2" type="stmt"/>
          <line num="12" count="2" type="stmt"/>
          <line num="13" count="2" type="cond" truecount="2" falsecount="0"/>
          <line num="14" count="1" type="stmt"/>
          <line num="18" count="4" type="stmt"/>
          <line num="23" count="0" type="stmt"/>
          <line num="24" count="0" type="stmt"/>
        </file>
      </package>
      <package name="containers">
        <metrics statements="0" coveredstatements="0" conditionals="0" coveredconditionals="0" methods="0" coveredmethods="0"/>
        <file name="index.js" path="/Users/whitneyburton/Documents/turing/mod3/movie-tracker/The_Best_Movies/src/containers/index.js">
          <metrics statements="0" coveredstatements="0" conditionals="0" coveredconditionals="0" methods="0" coveredmethods="0"/>
        </file>
      </package>
      <package name="containers.App">
        <metrics statements="32" coveredstatements="19" conditionals="6" coveredconditionals="3" methods="13" coveredmethods="7"/>
        <file name="App.js" path="/Users/whitneyburton/Documents/turing/mod3/movie-tracker/The_Best_Movies/src/containers/App/App.js">
          <metrics statements="32" coveredstatements="19" conditionals="6" coveredconditionals="3" methods="13" coveredmethods="7"/>
          <line num="14" count="0" type="stmt"/>
          <line num="15" count="0" type="stmt"/>
          <line num="16" count="0" type="stmt"/>
          <line num="17" count="0" type="stmt"/>
          <line num="21" count="7" type="cond" truecount="1" falsecount="1"/>
          <line num="22" count="0" type="stmt"/>
          <line num="23" count="0" type="stmt"/>
          <line num="24" count="0" type="stmt"/>
          <line num="27" count="7" type="cond" truecount="2" falsecount="0"/>
          <line num="28" count="1" type="stmt"/>
          <line num="29" count="1" type="stmt"/>
          <line num="30" count="1" type="stmt"/>
          <line num="31" count="1" type="stmt"/>
          <line num="32" count="1" type="stmt"/>
          <line num="33" count="1" type="stmt"/>
          <line num="35" count="1" type="stmt"/>
          <line num="37" count="0" type="stmt"/>
          <line num="41" count="6" type="stmt"/>
          <line num="43" count="7" type="stmt"/>
          <line num="47" count="7" type="stmt"/>
          <line num="48" count="7" type="stmt"/>
          <line num="51" count="0" type="stmt"/>
          <line num="52" count="0" type="cond" truecount="0" falsecount="2"/>
          <line num="55" count="0" type="stmt"/>
          <line num="61" count="3" type="stmt"/>
          <line num="67" count="3" type="stmt"/>
          <line num="68" count="1" type="stmt"/>
          <line num="69" count="0" type="stmt"/>
          <line num="70" count="1" type="stmt"/>
          <line num="71" count="1" type="stmt"/>
          <line num="72" count="0" type="stmt"/>
          <line num="78" count="3" type="stmt"/>
        </file>
      </package>
      <package name="containers.Carousel">
        <metrics statements="11" coveredstatements="9" conditionals="6" coveredconditionals="4" methods="6" coveredmethods="3"/>
        <file name="Carousel.js" path="/Users/whitneyburton/Documents/turing/mod3/movie-tracker/The_Best_Movies/src/containers/Carousel/Carousel.js">
          <metrics statements="11" coveredstatements="9" conditionals="6" coveredconditionals="4" methods="6" coveredmethods="3"/>
          <line num="8" count="3" type="stmt"/>
          <line num="9" count="3" type="stmt"/>
          <line num="10" count="3" type="stmt"/>
          <line num="13" count="3" type="stmt"/>
          <line num="14" count="3" type="cond" truecount="2" falsecount="0"/>
          <line num="15" count="3" type="cond" truecount="2" falsecount="0"/>
          <line num="17" count="3" type="stmt"/>
          <line num="22" count="0" type="stmt"/>
          <line num="28" count="0" type="stmt"/>
          <line num="38" count="3" type="stmt"/>
          <line num="45" count="3" type="stmt"/>
        </file>
      </package>
      <package name="containers.CreateUser">
        <metrics statements="16" coveredstatements="13" conditionals="4" coveredconditionals="3" methods="6" coveredmethods="5"/>
        <file name="CreateUser.js" path="/Users/whitneyburton/Documents/turing/mod3/movie-tracker/The_Best_Movies/src/containers/CreateUser/CreateUser.js">
          <metrics statements="16" coveredstatements="13" conditionals="4" coveredconditionals="3" methods="6" coveredmethods="5"/>
          <line num="9" count="3" type="stmt"/>
          <line num="10" count="3" type="stmt"/>
          <line num="20" count="0" type="stmt"/>
          <line num="22" count="0" type="stmt"/>
          <line num="28" count="1" type="stmt"/>
          <line num="29" count="1" type="stmt"/>
          <line num="30" count="1" type="stmt"/>
          <line num="32" count="1" type="stmt"/>
          <line num="33" count="1" type="stmt"/>
          <line num="34" count="1" type="stmt"/>
          <line num="38" count="0" type="stmt"/>
          <line num="43" count="3" type="stmt"/>
          <line num="45" count="4" type="stmt"/>
          <line num="46" count="4" type="stmt"/>
          <line num="75" count="1" type="stmt"/>
          <line num="86" count="4" type="stmt"/>
        </file>
      </package>
      <package name="containers.Login">
        <metrics statements="33" coveredstatements="28" conditionals="4" coveredconditionals="3" methods="15" coveredmethods="12"/>
        <file name="Login.js" path="/Users/whitneyburton/Documents/turing/mod3/movie-tracker/The_Best_Movies/src/containers/Login/Login.js">
          <metrics statements="33" coveredstatements="28" conditionals="4" coveredconditionals="3" methods="15" coveredmethods="12"/>
          <line num="11" count="8" type="stmt"/>
          <line num="12" count="8" type="stmt"/>
          <line num="21" count="0" type="stmt"/>
          <line num="22" count="0" type="stmt"/>
          <line num="28" count="2" type="stmt"/>
          <line num="29" count="2" type="stmt"/>
          <line num="30" count="2" type="stmt"/>
          <line num="31" count="2" type="stmt"/>
          <line num="32" count="2" type="stmt"/>
          <line num="33" count="2" type="stmt"/>
          <line num="37" count="2" type="stmt"/>
          <line num="38" count="2" type="stmt"/>
          <line num="39" count="2" type="stmt"/>
          <line num="43" count="2" type="stmt"/>
          <line num="44" count="2" type="stmt"/>
          <line num="45" count="2" type="stmt"/>
          <line num="46" count="2" type="stmt"/>
          <line num="47" count="2" type="stmt"/>
          <line num="48" count="2" type="stmt"/>
          <line num="50" count="0" type="stmt"/>
          <line num="58" count="8" type="stmt"/>
          <line num="59" count="8" type="stmt"/>
          <line num="63" count="11" type="stmt"/>
          <line num="65" count="11" type="stmt"/>
          <line num="86" count="1" type="stmt"/>
          <line num="92" count="4" type="stmt"/>
          <line num="96" count="4" type="stmt"/>
          <line num="97" count="1" type="stmt"/>
          <line num="98" count="0" type="stmt"/>
          <line num="99" count="0" type="stmt"/>
          <line num="100" count="1" type="stmt"/>
          <line num="101" count="2" type="stmt"/>
          <line num="106" count="4" type="stmt"/>
        </file>
      </package>
      <package name="containers.Profile">
        <metrics statements="16" coveredstatements="14" conditionals="2" coveredconditionals="2" methods="9" coveredmethods="9"/>
        <file name="Profile.js" path="/Users/whitneyburton/Documents/turing/mod3/movie-tracker/The_Best_Movies/src/containers/Profile/Profile.js">
          <metrics statements="16" coveredstatements="14" conditionals="2" coveredconditionals="2" methods="9" coveredmethods="9"/>
          <line num="9" count="4" type="stmt"/>
          <line num="10" count="8" type="stmt"/>
          <line num="11" count="1" type="stmt"/>
          <line num="12" count="1" type="stmt"/>
          <line num="13" count="1" type="stmt"/>
          <line num="14" count="0" type="stmt"/>
          <line num="16" count="0" type="stmt"/>
          <line num="20" count="8" type="stmt"/>
          <line num="24" count="1" type="stmt"/>
          <line num="29" count="1" type="stmt"/>
          <line num="35" count="4" type="stmt"/>
          <line num="39" count="4" type="stmt"/>
          <line num="40" count="1" type="stmt"/>
          <line num="41" count="1" type="stmt"/>
          <line num="42" count="1" type="stmt"/>
          <line num="47" count="4" type="stmt"/>
        </file>
      </package>
      <package name="reducers">
        <metrics statements="32" coveredstatements="29" conditionals="18" coveredconditionals="14" methods="8" coveredmethods="7"/>
        <file name="loginReducer.js" path="/Users/whitneyburton/Documents/turing/mod3/movie-tracker/The_Best_Movies/src/reducers/loginReducer.js">
          <metrics statements="5" coveredstatements="5" conditionals="3" coveredconditionals="3" methods="1" coveredmethods="1"/>
          <line num="1" count="1" type="stmt"/>
          <line num="3" count="1" type="cond" truecount="1" falsecount="0"/>
          <line num="4" count="2" type="cond" truecount="2" falsecount="0"/>
          <line num="6" count="1" type="stmt"/>
          <line num="8" count="1" type="stmt"/>
        </file>
        <file name="moviesReducer.js" path="/Users/whitneyburton/Documents/turing/mod3/movie-tracker/The_Best_Movies/src/reducers/moviesReducer.js">
          <metrics statements="17" coveredstatements="15" conditionals="9" coveredconditionals="6" methods="5" coveredmethods="4"/>
          <line num="1" count="1" type="stmt"/>
          <line num="3" count="1" type="cond" truecount="1" falsecount="0"/>
          <line num="4" count="3" type="stmt"/>
          <line num="5" count="3" type="cond" truecount="3" falsecount="1"/>
          <line num="7" count="1" type="stmt"/>
          <line num="8" count="1" type="stmt"/>
          <line num="9" count="1" type="stmt"/>
          <line num="12" count="0" type="stmt"/>
          <line num="13" count="0" type="cond" truecount="0" falsecount="2"/>
          <line num="19" count="1" type="stmt"/>
          <line num="20" count="2" type="stmt"/>
          <line num="21" count="2" type="stmt"/>
          <line num="23" count="2" type="stmt"/>
          <line num="24" count="4" type="cond" truecount="2" falsecount="0"/>
          <line num="25" count="2" type="stmt"/>
          <line num="28" count="2" type="stmt"/>
          <line num="31" count="1" type="stmt"/>
        </file>
        <file name="popupReducer.js" path="/Users/whitneyburton/Documents/turing/mod3/movie-tracker/The_Best_Movies/src/reducers/popupReducer.js">
          <metrics statements="5" coveredstatements="4" conditionals="3" coveredconditionals="2" methods="1" coveredmethods="1"/>
          <line num="1" count="1" type="stmt"/>
          <line num="3" count="1" type="cond" truecount="1" falsecount="0"/>
          <line num="4" count="2" type="cond" truecount="1" falsecount="1"/>
          <line num="6" count="2" type="stmt"/>
          <line num="8" count="0" type="stmt"/>
        </file>
        <file name="userReducer.js" path="/Users/whitneyburton/Documents/turing/mod3/movie-tracker/The_Best_Movies/src/reducers/userReducer.js">
          <metrics statements="5" coveredstatements="5" conditionals="3" coveredconditionals="3" methods="1" coveredmethods="1"/>
          <line num="1" count="1" type="stmt"/>
          <line num="3" count="1" type="cond" truecount="1" falsecount="0"/>
          <line num="4" count="2" type="cond" truecount="2" falsecount="0"/>
          <line num="6" count="1" type="stmt"/>
          <line num="8" count="1" type="stmt"/>
        </file>
      </package>
    </metrics>
  </project>
</coverage>
