{"total": {"lines":{"total":211,"covered":177,"skipped":0,"pct":83.89},"statements":{"total":235,"covered":198,"skipped":0,"pct":84.26},"functions":{"total":89,"covered":68,"skipped":0,"pct":76.4},"branches":{"total":62,"covered":48,"skipped":0,"pct":77.42}}
,"/Users/whitneyburton/Documents/turing/mod3/movie-tracker/The_Best_Movies/src/actions/index.js": {"lines":{"total":6,"covered":6,"skipped":0,"pct":100},"functions":{"total":6,"covered":6,"skipped":0,"pct":100},"statements":{"total":12,"covered":12,"skipped":0,"pct":100},"branches":{"total":0,"covered":0,"skipped":0,"pct":100}}
,"/Users/whitneyburton/Documents/turing/mod3/movie-tracker/The_Best_Movies/src/api/index.js": {"lines":{"total":23,"covered":23,"skipped":0,"pct":100},"functions":{"total":5,"covered":5,"skipped":0,"pct":100},"statements":{"total":28,"covered":28,"skipped":0,"pct":100},"branches":{"total":8,"covered":8,"skipped":0,"pct":100}}
,"/Users/whitneyburton/Documents/turing/mod3/movie-tracker/The_Best_Movies/src/components/index.js": {"lines":{"total":0,"covered":0,"skipped":0,"pct":100},"functions":{"total":0,"covered":0,"skipped":0,"pct":100},"statements":{"total":0,"covered":0,"skipped":0,"pct":100},"branches":{"total":0,"covered":0,"skipped":0,"pct":100}}
,"/Users/whitneyburton/Documents/turing/mod3/movie-tracker/The_Best_Movies/src/components/CreateAccountPrompt/CreateAccountPrompt.js": {"lines":{"total":6,"covered":6,"skipped":0,"pct":100},"functions":{"total":3,"covered":3,"skipped":0,"pct":100},"statements":{"total":7,"covered":7,"skipped":0,"pct":100},"branches":{"total":0,"covered":0,"skipped":0,"pct":100}}
,"/Users/whitneyburton/Documents/turing/mod3/movie-tracker/The_Best_Movies/src/components/Movie/Movie.js": {"lines":{"total":27,"covered":23,"skipped":0,"pct":85.19},"functions":{"total":12,"covered":7,"skipped":0,"pct":58.33},"statements":{"total":29,"covered":23,"skipped":0,"pct":79.31},"branches":{"total":12,"covered":9,"skipped":0,"pct":75}}
,"/Users/whitneyburton/Documents/turing/mod3/movie-tracker/The_Best_Movies/src/components/Nav/Nav.js": {"lines":{"total":2,"covered":2,"skipped":0,"pct":100},"functions":{"total":1,"covered":1,"skipped":0,"pct":100},"statements":{"total":2,"covered":2,"skipped":0,"pct":100},"branches":{"total":0,"covered":0,"skipped":0,"pct":100}}
,"/Users/whitneyburton/Documents/turing/mod3/movie-tracker/The_Best_Movies/src/components/View/View.js": {"lines":{"total":7,"covered":5,"skipped":0,"pct":71.43},"functions":{"total":5,"covered":3,"skipped":0,"pct":60},"statements":{"total":9,"covered":7,"skipped":0,"pct":77.78},"branches":{"total":2,"covered":2,"skipped":0,"pct":100}}
,"/Users/whitneyburton/Documents/turing/mod3/movie-tracker/The_Best_Movies/src/containers/index.js": {"lines":{"total":0,"covered":0,"skipped":0,"pct":100},"functions":{"total":0,"covered":0,"skipped":0,"pct":100},"statements":{"total":0,"covered":0,"skipped":0,"pct":100},"branches":{"total":0,"covered":0,"skipped":0,"pct":100}}
,"/Users/whitneyburton/Documents/turing/mod3/movie-tracker/The_Best_Movies/src/containers/App/App.js": {"lines":{"total":32,"covered":19,"skipped":0,"pct":59.38},"functions":{"total":13,"covered":7,"skipped":0,"pct":53.85},"statements":{"total":34,"covered":21,"skipped":0,"pct":61.76},"branches":{"total":6,"covered":3,"skipped":0,"pct":50}}
,"/Users/whitneyburton/Documents/turing/mod3/movie-tracker/The_Best_Movies/src/containers/Carousel/Carousel.js": {"lines":{"total":11,"covered":9,"skipped":0,"pct":81.82},"functions":{"total":6,"covered":3,"skipped":0,"pct":50},"statements":{"total":13,"covered":10,"skipped":0,"pct":76.92},"branches":{"total":6,"covered":4,"skipped":0,"pct":66.67}}
,"/Users/whitneyburton/Documents/turing/mod3/movie-tracker/The_Best_Movies/src/containers/CreateUser/CreateUser.js": {"lines":{"total":16,"covered":13,"skipped":0,"pct":81.25},"functions":{"total":6,"covered":5,"skipped":0,"pct":83.33},"statements":{"total":16,"covered":13,"skipped":0,"pct":81.25},"branches":{"total":4,"covered":3,"skipped":0,"pct":75}}
,"/Users/whitneyburton/Documents/turing/mod3/movie-tracker/The_Best_Movies/src/containers/Login/Login.js": {"lines":{"total":33,"covered":28,"skipped":0,"pct":84.85},"functions":{"total":15,"covered":12,"skipped":0,"pct":80},"statements":{"total":35,"covered":30,"skipped":0,"pct":85.71},"branches":{"total":4,"covered":3,"skipped":0,"pct":75}}
,"/Users/whitneyburton/Documents/turing/mod3/movie-tracker/The_Best_Movies/src/containers/Profile/Profile.js": {"lines":{"total":16,"covered":14,"skipped":0,"pct":87.5},"functions":{"total":9,"covered":9,"skipped":0,"pct":100},"statements":{"total":18,"covered":16,"skipped":0,"pct":88.89},"branches":{"total":2,"covered":2,"skipped":0,"pct":100}}
,"/Users/whitneyburton/Documents/turing/mod3/movie-tracker/The_Best_Movies/src/reducers/loginReducer.js": {"lines":{"total":5,"covered":5,"skipped":0,"pct":100},"functions":{"total":1,"covered":1,"skipped":0,"pct":100},"statements":{"total":5,"covered":5,"skipped":0,"pct":100},"branches":{"total":3,"covered":3,"skipped":0,"pct":100}}
,"/Users/whitneyburton/Documents/turing/mod3/movie-tracker/The_Best_Movies/src/reducers/moviesReducer.js": {"lines":{"total":17,"covered":15,"skipped":0,"pct":88.24},"functions":{"total":5,"covered":4,"skipped":0,"pct":80},"statements":{"total":17,"covered":15,"skipped":0,"pct":88.24},"branches":{"total":9,"covered":6,"skipped":0,"pct":66.67}}
,"/Users/whitneyburton/Documents/turing/mod3/movie-tracker/The_Best_Movies/src/reducers/popupReducer.js": {"lines":{"total":5,"covered":4,"skipped":0,"pct":80},"functions":{"total":1,"covered":1,"skipped":0,"pct":100},"statements":{"total":5,"covered":4,"skipped":0,"pct":80},"branches":{"total":3,"covered":2,"skipped":0,"pct":66.67}}
,"/Users/whitneyburton/Documents/turing/mod3/movie-tracker/The_Best_Movies/src/reducers/userReducer.js": {"lines":{"total":5,"covered":5,"skipped":0,"pct":100},"functions":{"total":1,"covered":1,"skipped":0,"pct":100},"statements":{"total":5,"covered":5,"skipped":0,"pct":100},"branches":{"total":3,"covered":3,"skipped":0,"pct":100}}
}
