{"/Users/whitneyburton/Documents/turing/mod3/movie-tracker/The_Best_Movies/src/actions/index.js": {"path":"/Users/whitneyburton/Documents/turing/mod3/movie-tracker/The_Best_Movies/src/actions/index.js","statementMap":{"0":{"start":{"line":2,"column":30},"end":{"line":5,"column":2}},"1":{"start":{"line":2,"column":39},"end":{"line":5,"column":1}},"2":{"start":{"line":7,"column":25},"end":{"line":10,"column":2}},"3":{"start":{"line":7,"column":38},"end":{"line":10,"column":1}},"4":{"start":{"line":12,"column":28},"end":{"line":16,"column":2}},"5":{"start":{"line":12,"column":53},"end":{"line":16,"column":1}},"6":{"start":{"line":19,"column":23},"end":{"line":22,"column":2}},"7":{"start":{"line":19,"column":34},"end":{"line":22,"column":1}},"8":{"start":{"line":25,"column":30},"end":{"line":28,"column":2}},"9":{"start":{"line":25,"column":41},"end":{"line":28,"column":1}},"10":{"start":{"line":31,"column":24},"end":{"line":34,"column":2}},"11":{"start":{"line":31,"column":35},"end":{"line":34,"column":1}}},"fnMap":{"0":{"name":"(anonymous_0)","decl":{"start":{"line":2,"column":30},"end":{"line":2,"column":31}},"loc":{"start":{"line":2,"column":39},"end":{"line":5,"column":1}},"line":2},"1":{"name":"(anonymous_1)","decl":{"start":{"line":7,"column":25},"end":{"line":7,"column":26}},"loc":{"start":{"line":7,"column":38},"end":{"line":10,"column":1}},"line":7},"2":{"name":"(anonymous_2)","decl":{"start":{"line":12,"column":28},"end":{"line":12,"column":29}},"loc":{"start":{"line":12,"column":53},"end":{"line":16,"column":1}},"line":12},"3":{"name":"(anonymous_3)","decl":{"start":{"line":19,"column":23},"end":{"line":19,"column":24}},"loc":{"start":{"line":19,"column":34},"end":{"line":22,"column":1}},"line":19},"4":{"name":"(anonymous_4)","decl":{"start":{"line":25,"column":30},"end":{"line":25,"column":31}},"loc":{"start":{"line":25,"column":41},"end":{"line":28,"column":1}},"line":25},"5":{"name":"(anonymous_5)","decl":{"start":{"line":31,"column":24},"end":{"line":31,"column":25}},"loc":{"start":{"line":31,"column":35},"end":{"line":34,"column":1}},"line":31}},"branchMap":{},"s":{"0":9,"1":1,"2":9,"3":6,"4":9,"5":2,"6":9,"7":4,"8":9,"9":3,"10":9,"11":7},"f":{"0":1,"1":6,"2":2,"3":4,"4":3,"5":7},"b":{},"_coverageSchema":"332fd63041d2c1bcb487cc26dd0d5f7d97098a6c","hash":"13be9abbcb20139974d6ce2de3a49ba99ee679ef"}
,"/Users/whitneyburton/Documents/turing/mod3/movie-tracker/The_Best_Movies/src/api/index.js": {"path":"/Users/whitneyburton/Documents/turing/mod3/movie-tracker/The_Best_Movies/src/api/index.js","statementMap":{"0":{"start":{"line":4,"column":14},"end":{"line":4,"column":43}},"1":{"start":{"line":5,"column":18},"end":{"line":5,"column":55}},"2":{"start":{"line":6,"column":23},"end":{"line":12,"column":2}},"3":{"start":{"line":6,"column":42},"end":{"line":12,"column":1}},"4":{"start":{"line":14,"column":24},"end":{"line":19,"column":1}},"5":{"start":{"line":15,"column":19},"end":{"line":15,"column":72}},"6":{"start":{"line":16,"column":2},"end":{"line":16,"column":53}},"7":{"start":{"line":16,"column":20},"end":{"line":16,"column":53}},"8":{"start":{"line":17,"column":25},"end":{"line":17,"column":46}},"9":{"start":{"line":18,"column":2},"end":{"line":18,"column":28}},"10":{"start":{"line":21,"column":26},"end":{"line":26,"column":1}},"11":{"start":{"line":22,"column":19},"end":{"line":22,"column":74}},"12":{"start":{"line":23,"column":2},"end":{"line":23,"column":55}},"13":{"start":{"line":23,"column":20},"end":{"line":23,"column":55}},"14":{"start":{"line":24,"column":25},"end":{"line":24,"column":46}},"15":{"start":{"line":25,"column":2},"end":{"line":25,"column":31}},"16":{"start":{"line":28,"column":23},"end":{"line":33,"column":1}},"17":{"start":{"line":29,"column":19},"end":{"line":29,"column":49}},"18":{"start":{"line":30,"column":2},"end":{"line":30,"column":57}},"19":{"start":{"line":30,"column":20},"end":{"line":30,"column":57}},"20":{"start":{"line":31,"column":25},"end":{"line":31,"column":46}},"21":{"start":{"line":32,"column":2},"end":{"line":32,"column":28}},"22":{"start":{"line":35,"column":25},"end":{"line":40,"column":1}},"23":{"start":{"line":36,"column":19},"end":{"line":36,"column":62}},"24":{"start":{"line":37,"column":2},"end":{"line":37,"column":58}},"25":{"start":{"line":37,"column":20},"end":{"line":37,"column":58}},"26":{"start":{"line":38,"column":27},"end":{"line":38,"column":48}},"27":{"start":{"line":39,"column":2},"end":{"line":39,"column":33}}},"fnMap":{"0":{"name":"(anonymous_0)","decl":{"start":{"line":6,"column":23},"end":{"line":6,"column":24}},"loc":{"start":{"line":6,"column":42},"end":{"line":12,"column":1}},"line":6},"1":{"name":"(anonymous_1)","decl":{"start":{"line":14,"column":24},"end":{"line":14,"column":25}},"loc":{"start":{"line":14,"column":46},"end":{"line":19,"column":1}},"line":14},"2":{"name":"(anonymous_2)","decl":{"start":{"line":21,"column":26},"end":{"line":21,"column":27}},"loc":{"start":{"line":21,"column":48},"end":{"line":26,"column":1}},"line":21},"3":{"name":"(anonymous_3)","decl":{"start":{"line":28,"column":23},"end":{"line":28,"column":24}},"loc":{"start":{"line":28,"column":39},"end":{"line":33,"column":1}},"line":28},"4":{"name":"(anonymous_4)","decl":{"start":{"line":35,"column":25},"end":{"line":35,"column":26}},"loc":{"start":{"line":35,"column":41},"end":{"line":40,"column":1}},"line":35}},"branchMap":{"0":{"loc":{"start":{"line":16,"column":2},"end":{"line":16,"column":53}},"type":"if","locations":[{"start":{"line":16,"column":2},"end":{"line":16,"column":53}},{"start":{"line":16,"column":2},"end":{"line":16,"column":53}}],"line":16},"1":{"loc":{"start":{"line":23,"column":2},"end":{"line":23,"column":55}},"type":"if","locations":[{"start":{"line":23,"column":2},"end":{"line":23,"column":55}},{"start":{"line":23,"column":2},"end":{"line":23,"column":55}}],"line":23},"2":{"loc":{"start":{"line":30,"column":2},"end":{"line":30,"column":57}},"type":"if","locations":[{"start":{"line":30,"column":2},"end":{"line":30,"column":57}},{"start":{"line":30,"column":2},"end":{"line":30,"column":57}}],"line":30},"3":{"loc":{"start":{"line":37,"column":2},"end":{"line":37,"column":58}},"type":"if","locations":[{"start":{"line":37,"column":2},"end":{"line":37,"column":58}},{"start":{"line":37,"column":2},"end":{"line":37,"column":58}}],"line":37}},"s":{"0":8,"1":8,"2":8,"3":6,"4":8,"5":2,"6":2,"7":1,"8":1,"9":1,"10":8,"11":2,"12":2,"13":1,"14":1,"15":1,"16":8,"17":3,"18":3,"19":1,"20":2,"21":2,"22":8,"23":4,"24":3,"25":1,"26":2,"27":2},"f":{"0":6,"1":2,"2":2,"3":3,"4":4},"b":{"0":[1,1],"1":[1,1],"2":[1,2],"3":[1,2]},"_coverageSchema":"332fd63041d2c1bcb487cc26dd0d5f7d97098a6c","hash":"c32576bf4670cd7bccdc7ff6111249cfc4d48d54"}
,"/Users/whitneyburton/Documents/turing/mod3/movie-tracker/The_Best_Movies/src/components/index.js": {"path":"/Users/whitneyburton/Documents/turing/mod3/movie-tracker/The_Best_Movies/src/components/index.js","statementMap":{},"fnMap":{},"branchMap":{},"s":{},"f":{},"b":{},"_coverageSchema":"332fd63041d2c1bcb487cc26dd0d5f7d97098a6c","hash":"d74387fbb4db39ccebd723871df498170efadb99"}
,"/Users/whitneyburton/Documents/turing/mod3/movie-tracker/The_Best_Movies/src/components/CreateAccountPrompt/CreateAccountPrompt.js": {"path":"/Users/whitneyburton/Documents/turing/mod3/movie-tracker/The_Best_Movies/src/components/CreateAccountPrompt/CreateAccountPrompt.js","statementMap":{"0":{"start":{"line":5,"column":28},"end":{"line":17,"column":1}},"1":{"start":{"line":6,"column":39},"end":{"line":6,"column":44}},"2":{"start":{"line":7,"column":2},"end":{"line":7,"column":16}},"3":{"start":{"line":9,"column":2},"end":{"line":16,"column":9}},"4":{"start":{"line":12,"column":43},"end":{"line":12,"column":64}},"5":{"start":{"line":13,"column":48},"end":{"line":13,"column":70}},"6":{"start":{"line":13,"column":71},"end":{"line":13,"column":86}}},"fnMap":{"0":{"name":"(anonymous_0)","decl":{"start":{"line":5,"column":28},"end":{"line":5,"column":29}},"loc":{"start":{"line":5,"column":39},"end":{"line":17,"column":1}},"line":5},"1":{"name":"(anonymous_1)","decl":{"start":{"line":12,"column":37},"end":{"line":12,"column":38}},"loc":{"start":{"line":12,"column":43},"end":{"line":12,"column":64}},"line":12},"2":{"name":"(anonymous_2)","decl":{"start":{"line":13,"column":40},"end":{"line":13,"column":41}},"loc":{"start":{"line":13,"column":46},"end":{"line":13,"column":88}},"line":13}},"branchMap":{},"s":{"0":4,"1":4,"2":4,"3":4,"4":1,"5":1,"6":1},"f":{"0":4,"1":1,"2":1},"b":{},"_coverageSchema":"332fd63041d2c1bcb487cc26dd0d5f7d97098a6c","hash":"713d8d4ded776c17d37ff81dc0b7f148d9b4b0bd"}
,"/Users/whitneyburton/Documents/turing/mod3/movie-tracker/The_Best_Movies/src/components/Movie/Movie.js": {"path":"/Users/whitneyburton/Documents/turing/mod3/movie-tracker/The_Best_Movies/src/components/Movie/Movie.js","statementMap":{"0":{"start":{"line":8,"column":21},"end":{"line":68,"column":1}},"1":{"start":{"line":13,"column":17},"end":{"line":13,"column":50}},"2":{"start":{"line":14,"column":27},"end":{"line":30,"column":3}},"3":{"start":{"line":15,"column":4},"end":{"line":15,"column":31}},"4":{"start":{"line":16,"column":4},"end":{"line":29,"column":5}},"5":{"start":{"line":17,"column":27},"end":{"line":17,"column":49}},"6":{"start":{"line":18,"column":27},"end":{"line":18,"column":55}},"7":{"start":{"line":19,"column":30},"end":{"line":19,"column":59}},"8":{"start":{"line":20,"column":6},"end":{"line":28,"column":7}},"9":{"start":{"line":21,"column":8},"end":{"line":23,"column":50}},"10":{"start":{"line":24,"column":26},"end":{"line":24,"column":53}},"11":{"start":{"line":25,"column":8},"end":{"line":25,"column":40}},"12":{"start":{"line":27,"column":8},"end":{"line":27,"column":26}},"13":{"start":{"line":31,"column":19},"end":{"line":39,"column":3}},"14":{"start":{"line":32,"column":4},"end":{"line":38,"column":11}},"15":{"start":{"line":34,"column":23},"end":{"line":34,"column":37}},"16":{"start":{"line":40,"column":21},"end":{"line":45,"column":3}},"17":{"start":{"line":41,"column":4},"end":{"line":44,"column":31}},"18":{"start":{"line":46,"column":17},"end":{"line":46,"column":44}},"19":{"start":{"line":48,"column":2},"end":{"line":67,"column":3}},"20":{"start":{"line":51,"column":53},"end":{"line":51,"column":68}},"21":{"start":{"line":64,"column":52},"end":{"line":64,"column":70}},"22":{"start":{"line":69,"column":24},"end":{"line":71,"column":2}},"23":{"start":{"line":69,"column":36},"end":{"line":71,"column":1}},"24":{"start":{"line":73,"column":27},"end":{"line":77,"column":2}},"25":{"start":{"line":73,"column":42},"end":{"line":77,"column":1}},"26":{"start":{"line":74,"column":40},"end":{"line":74,"column":82}},"27":{"start":{"line":75,"column":28},"end":{"line":75,"column":58}},"28":{"start":{"line":76,"column":22},"end":{"line":76,"column":46}}},"fnMap":{"0":{"name":"(anonymous_0)","decl":{"start":{"line":8,"column":21},"end":{"line":8,"column":22}},"loc":{"start":{"line":12,"column":5},"end":{"line":68,"column":1}},"line":12},"1":{"name":"(anonymous_1)","decl":{"start":{"line":14,"column":27},"end":{"line":14,"column":28}},"loc":{"start":{"line":14,"column":39},"end":{"line":30,"column":3}},"line":14},"2":{"name":"(anonymous_2)","decl":{"start":{"line":31,"column":19},"end":{"line":31,"column":20}},"loc":{"start":{"line":31,"column":25},"end":{"line":39,"column":3}},"line":31},"3":{"name":"(anonymous_3)","decl":{"start":{"line":34,"column":17},"end":{"line":34,"column":18}},"loc":{"start":{"line":34,"column":23},"end":{"line":34,"column":37}},"line":34},"4":{"name":"(anonymous_4)","decl":{"start":{"line":40,"column":21},"end":{"line":40,"column":22}},"loc":{"start":{"line":40,"column":27},"end":{"line":45,"column":3}},"line":40},"5":{"name":"(anonymous_5)","decl":{"start":{"line":51,"column":47},"end":{"line":51,"column":48}},"loc":{"start":{"line":51,"column":53},"end":{"line":51,"column":68}},"line":51},"6":{"name":"(anonymous_6)","decl":{"start":{"line":64,"column":46},"end":{"line":64,"column":47}},"loc":{"start":{"line":64,"column":52},"end":{"line":64,"column":70}},"line":64},"7":{"name":"(anonymous_7)","decl":{"start":{"line":69,"column":24},"end":{"line":69,"column":25}},"loc":{"start":{"line":69,"column":36},"end":{"line":71,"column":1}},"line":69},"8":{"name":"(anonymous_8)","decl":{"start":{"line":73,"column":27},"end":{"line":73,"column":28}},"loc":{"start":{"line":73,"column":42},"end":{"line":77,"column":1}},"line":73},"9":{"name":"(anonymous_9)","decl":{"start":{"line":74,"column":16},"end":{"line":74,"column":17}},"loc":{"start":{"line":74,"column":40},"end":{"line":74,"column":82}},"line":74},"10":{"name":"(anonymous_10)","decl":{"start":{"line":75,"column":18},"end":{"line":75,"column":19}},"loc":{"start":{"line":75,"column":28},"end":{"line":75,"column":58}},"line":75},"11":{"name":"(anonymous_11)","decl":{"start":{"line":76,"column":12},"end":{"line":76,"column":13}},"loc":{"start":{"line":76,"column":22},"end":{"line":76,"column":46}},"line":76}},"branchMap":{"0":{"loc":{"start":{"line":16,"column":4},"end":{"line":29,"column":5}},"type":"if","locations":[{"start":{"line":16,"column":4},"end":{"line":29,"column":5}},{"start":{"line":16,"column":4},"end":{"line":29,"column":5}}],"line":16},"1":{"loc":{"start":{"line":21,"column":8},"end":{"line":23,"column":50}},"type":"cond-expr","locations":[{"start":{"line":22,"column":10},"end":{"line":22,"column":45}},{"start":{"line":23,"column":10},"end":{"line":23,"column":50}}],"line":21},"2":{"loc":{"start":{"line":46,"column":17},"end":{"line":46,"column":44}},"type":"cond-expr","locations":[{"start":{"line":46,"column":27},"end":{"line":46,"column":34}},{"start":{"line":46,"column":37},"end":{"line":46,"column":44}}],"line":46},"3":{"loc":{"start":{"line":50,"column":7},"end":{"line":61,"column":17}},"type":"binary-expr","locations":[{"start":{"line":50,"column":7},"end":{"line":50,"column":14}},{"start":{"line":50,"column":18},"end":{"line":61,"column":17}}],"line":50},"4":{"loc":{"start":{"line":63,"column":7},"end":{"line":63,"column":29}},"type":"binary-expr","locations":[{"start":{"line":63,"column":7},"end":{"line":63,"column":15}},{"start":{"line":63,"column":19},"end":{"line":63,"column":29}}],"line":63},"5":{"loc":{"start":{"line":64,"column":73},"end":{"line":64,"column":102}},"type":"cond-expr","locations":[{"start":{"line":64,"column":92},"end":{"line":64,"column":96}},{"start":{"line":64,"column":99},"end":{"line":64,"column":102}}],"line":64}},"s":{"0":4,"1":10,"2":10,"3":1,"4":1,"5":1,"6":1,"7":1,"8":1,"9":1,"10":1,"11":1,"12":0,"13":10,"14":1,"15":1,"16":10,"17":9,"18":10,"19":10,"20":2,"21":1,"22":4,"23":0,"24":4,"25":0,"26":0,"27":0,"28":0},"f":{"0":10,"1":1,"2":1,"3":1,"4":9,"5":2,"6":1,"7":0,"8":0,"9":0,"10":0,"11":0},"b":{"0":[1,0],"1":[1,0],"2":[9,1],"3":[10,9],"4":[10,1],"5":[0,10]},"_coverageSchema":"332fd63041d2c1bcb487cc26dd0d5f7d97098a6c","hash":"2a784188f9d86674c38192a543506141d56b7232"}
,"/Users/whitneyburton/Documents/turing/mod3/movie-tracker/The_Best_Movies/src/components/Nav/Nav.js": {"path":"/Users/whitneyburton/Documents/turing/mod3/movie-tracker/The_Best_Movies/src/components/Nav/Nav.js","statementMap":{"0":{"start":{"line":5,"column":12},"end":{"line":18,"column":1}},"1":{"start":{"line":6,"column":2},"end":{"line":17,"column":3}}},"fnMap":{"0":{"name":"(anonymous_0)","decl":{"start":{"line":5,"column":12},"end":{"line":5,"column":13}},"loc":{"start":{"line":5,"column":18},"end":{"line":18,"column":1}},"line":5}},"branchMap":{},"s":{"0":4,"1":1},"f":{"0":1},"b":{},"_coverageSchema":"332fd63041d2c1bcb487cc26dd0d5f7d97098a6c","hash":"decbaaca3c65dd5c0053cc6166a4cd88774c6711"}
,"/Users/whitneyburton/Documents/turing/mod3/movie-tracker/The_Best_Movies/src/components/View/View.js": {"path":"/Users/whitneyburton/Documents/turing/mod3/movie-tracker/The_Best_Movies/src/components/View/View.js","statementMap":{"0":{"start":{"line":11,"column":23},"end":{"line":11,"column":33}},"1":{"start":{"line":12,"column":18},"end":{"line":12,"column":88}},"2":{"start":{"line":12,"column":39},"end":{"line":12,"column":87}},"3":{"start":{"line":13,"column":4},"end":{"line":13,"column":55}},"4":{"start":{"line":13,"column":16},"end":{"line":13,"column":55}},"5":{"start":{"line":14,"column":4},"end":{"line":14,"column":77}},"6":{"start":{"line":18,"column":4},"end":{"line":27,"column":5}},"7":{"start":{"line":23,"column":52},"end":{"line":23,"column":84}},"8":{"start":{"line":24,"column":59},"end":{"line":24,"column":86}}},"fnMap":{"0":{"name":"(anonymous_0)","decl":{"start":{"line":10,"column":20},"end":{"line":10,"column":21}},"loc":{"start":{"line":10,"column":31},"end":{"line":15,"column":3}},"line":10},"1":{"name":"(anonymous_1)","decl":{"start":{"line":12,"column":30},"end":{"line":12,"column":31}},"loc":{"start":{"line":12,"column":39},"end":{"line":12,"column":87}},"line":12},"2":{"name":"(anonymous_2)","decl":{"start":{"line":17,"column":2},"end":{"line":17,"column":3}},"loc":{"start":{"line":17,"column":11},"end":{"line":28,"column":3}},"line":17},"3":{"name":"(anonymous_3)","decl":{"start":{"line":23,"column":34},"end":{"line":23,"column":35}},"loc":{"start":{"line":23,"column":52},"end":{"line":23,"column":84}},"line":23},"4":{"name":"(anonymous_4)","decl":{"start":{"line":24,"column":44},"end":{"line":24,"column":45}},"loc":{"start":{"line":24,"column":59},"end":{"line":24,"column":86}},"line":24}},"branchMap":{"0":{"loc":{"start":{"line":13,"column":4},"end":{"line":13,"column":55}},"type":"if","locations":[{"start":{"line":13,"column":4},"end":{"line":13,"column":55}},{"start":{"line":13,"column":4},"end":{"line":13,"column":55}}],"line":13}},"s":{"0":2,"1":2,"2":2,"3":2,"4":1,"5":1,"6":4,"7":0,"8":0},"f":{"0":2,"1":2,"2":4,"3":0,"4":0},"b":{"0":[1,1]},"_coverageSchema":"332fd63041d2c1bcb487cc26dd0d5f7d97098a6c","hash":"a0d0dddb06b59ee298c9f18ae242a815cafcb289"}
,"/Users/whitneyburton/Documents/turing/mod3/movie-tracker/The_Best_Movies/src/containers/index.js": {"path":"/Users/whitneyburton/Documents/turing/mod3/movie-tracker/The_Best_Movies/src/containers/index.js","statementMap":{},"fnMap":{},"branchMap":{},"s":{},"f":{},"b":{},"_coverageSchema":"332fd63041d2c1bcb487cc26dd0d5f7d97098a6c","hash":"b6e01688a39fb67a89733edac12476eefd735ce5"}
,"/Users/whitneyburton/Documents/turing/mod3/movie-tracker/The_Best_Movies/src/containers/App/App.js": {"path":"/Users/whitneyburton/Documents/turing/mod3/movie-tracker/The_Best_Movies/src/containers/App/App.js","statementMap":{"0":{"start":{"line":14,"column":28},"end":{"line":14,"column":55}},"1":{"start":{"line":15,"column":22},"end":{"line":15,"column":52}},"2":{"start":{"line":16,"column":4},"end":{"line":16,"column":46}},"3":{"start":{"line":17,"column":4},"end":{"line":17,"column":30}},"4":{"start":{"line":21,"column":4},"end":{"line":25,"column":5}},"5":{"start":{"line":22,"column":27},"end":{"line":22,"column":68}},"6":{"start":{"line":23,"column":6},"end":{"line":23,"column":38}},"7":{"start":{"line":24,"column":6},"end":{"line":24,"column":31}},"8":{"start":{"line":27,"column":4},"end":{"line":42,"column":5}},"9":{"start":{"line":28,"column":6},"end":{"line":38,"column":7}},"10":{"start":{"line":29,"column":8},"end":{"line":29,"column":47}},"11":{"start":{"line":30,"column":8},"end":{"line":34,"column":9}},"12":{"start":{"line":31,"column":23},"end":{"line":31,"column":43}},"13":{"start":{"line":32,"column":30},"end":{"line":32,"column":51}},"14":{"start":{"line":33,"column":10},"end":{"line":33,"column":44}},"15":{"start":{"line":35,"column":8},"end":{"line":35,"column":62}},"16":{"start":{"line":37,"column":8},"end":{"line":37,"column":41}},"17":{"start":{"line":41,"column":6},"end":{"line":41,"column":57}},"18":{"start":{"line":43,"column":4},"end":{"line":43,"column":32}},"19":{"start":{"line":47,"column":51},"end":{"line":47,"column":61}},"20":{"start":{"line":48,"column":4},"end":{"line":57,"column":5}},"21":{"start":{"line":51,"column":49},"end":{"line":51,"column":83}},"22":{"start":{"line":52,"column":38},"end":{"line":54,"column":44}},"23":{"start":{"line":55,"column":38},"end":{"line":55,"column":73}},"24":{"start":{"line":61,"column":31},"end":{"line":65,"column":2}},"25":{"start":{"line":61,"column":43},"end":{"line":65,"column":1}},"26":{"start":{"line":67,"column":34},"end":{"line":74,"column":2}},"27":{"start":{"line":67,"column":49},"end":{"line":74,"column":1}},"28":{"start":{"line":68,"column":25},"end":{"line":68,"column":52}},"29":{"start":{"line":69,"column":21},"end":{"line":69,"column":44}},"30":{"start":{"line":70,"column":28},"end":{"line":70,"column":58}},"31":{"start":{"line":71,"column":22},"end":{"line":71,"column":46}},"32":{"start":{"line":72,"column":40},"end":{"line":72,"column":82}},"33":{"start":{"line":78,"column":0},"end":{"line":85,"column":1}}},"fnMap":{"0":{"name":"(anonymous_0)","decl":{"start":{"line":13,"column":21},"end":{"line":13,"column":22}},"loc":{"start":{"line":13,"column":39},"end":{"line":18,"column":3}},"line":13},"1":{"name":"(anonymous_1)","decl":{"start":{"line":20,"column":22},"end":{"line":20,"column":23}},"loc":{"start":{"line":20,"column":34},"end":{"line":44,"column":3}},"line":20},"2":{"name":"(anonymous_2)","decl":{"start":{"line":46,"column":2},"end":{"line":46,"column":3}},"loc":{"start":{"line":46,"column":11},"end":{"line":58,"column":3}},"line":46},"3":{"name":"(anonymous_3)","decl":{"start":{"line":51,"column":43},"end":{"line":51,"column":44}},"loc":{"start":{"line":51,"column":49},"end":{"line":51,"column":83}},"line":51},"4":{"name":"(anonymous_4)","decl":{"start":{"line":52,"column":32},"end":{"line":52,"column":33}},"loc":{"start":{"line":52,"column":38},"end":{"line":54,"column":44}},"line":52},"5":{"name":"(anonymous_5)","decl":{"start":{"line":55,"column":32},"end":{"line":55,"column":33}},"loc":{"start":{"line":55,"column":38},"end":{"line":55,"column":73}},"line":55},"6":{"name":"(anonymous_6)","decl":{"start":{"line":61,"column":31},"end":{"line":61,"column":32}},"loc":{"start":{"line":61,"column":43},"end":{"line":65,"column":1}},"line":61},"7":{"name":"(anonymous_7)","decl":{"start":{"line":67,"column":34},"end":{"line":67,"column":35}},"loc":{"start":{"line":67,"column":49},"end":{"line":74,"column":1}},"line":67},"8":{"name":"(anonymous_8)","decl":{"start":{"line":68,"column":13},"end":{"line":68,"column":14}},"loc":{"start":{"line":68,"column":25},"end":{"line":68,"column":52}},"line":68},"9":{"name":"(anonymous_9)","decl":{"start":{"line":69,"column":11},"end":{"line":69,"column":12}},"loc":{"start":{"line":69,"column":21},"end":{"line":69,"column":44}},"line":69},"10":{"name":"(anonymous_10)","decl":{"start":{"line":70,"column":18},"end":{"line":70,"column":19}},"loc":{"start":{"line":70,"column":28},"end":{"line":70,"column":58}},"line":70},"11":{"name":"(anonymous_11)","decl":{"start":{"line":71,"column":12},"end":{"line":71,"column":13}},"loc":{"start":{"line":71,"column":22},"end":{"line":71,"column":46}},"line":71},"12":{"name":"(anonymous_12)","decl":{"start":{"line":72,"column":16},"end":{"line":72,"column":17}},"loc":{"start":{"line":72,"column":40},"end":{"line":72,"column":82}},"line":72}},"branchMap":{"0":{"loc":{"start":{"line":21,"column":4},"end":{"line":25,"column":5}},"type":"if","locations":[{"start":{"line":21,"column":4},"end":{"line":25,"column":5}},{"start":{"line":21,"column":4},"end":{"line":25,"column":5}}],"line":21},"1":{"loc":{"start":{"line":27,"column":4},"end":{"line":42,"column":5}},"type":"if","locations":[{"start":{"line":27,"column":4},"end":{"line":42,"column":5}},{"start":{"line":27,"column":4},"end":{"line":42,"column":5}}],"line":27},"2":{"loc":{"start":{"line":52,"column":38},"end":{"line":54,"column":44}},"type":"binary-expr","locations":[{"start":{"line":52,"column":38},"end":{"line":52,"column":46}},{"start":{"line":52,"column":50},"end":{"line":54,"column":44}}],"line":52}},"s":{"0":0,"1":0,"2":0,"3":0,"4":7,"5":0,"6":0,"7":0,"8":7,"9":1,"10":1,"11":1,"12":1,"13":1,"14":1,"15":1,"16":0,"17":6,"18":7,"19":7,"20":7,"21":0,"22":0,"23":0,"24":3,"25":1,"26":3,"27":1,"28":1,"29":0,"30":1,"31":1,"32":0,"33":3},"f":{"0":0,"1":7,"2":7,"3":0,"4":0,"5":0,"6":1,"7":1,"8":1,"9":0,"10":1,"11":1,"12":0},"b":{"0":[0,7],"1":[1,6],"2":[0,0]},"_coverageSchema":"332fd63041d2c1bcb487cc26dd0d5f7d97098a6c","hash":"60298134d9d264c5d18bc178d9f66b65bde7c80b"}
,"/Users/whitneyburton/Documents/turing/mod3/movie-tracker/The_Best_Movies/src/containers/Carousel/Carousel.js": {"path":"/Users/whitneyburton/Documents/turing/mod3/movie-tracker/The_Best_Movies/src/containers/Carousel/Carousel.js","statementMap":{"0":{"start":{"line":8,"column":24},"end":{"line":36,"column":1}},"1":{"start":{"line":9,"column":21},"end":{"line":12,"column":24}},"2":{"start":{"line":10,"column":4},"end":{"line":12,"column":22}},"3":{"start":{"line":13,"column":24},"end":{"line":13,"column":88}},"4":{"start":{"line":13,"column":55},"end":{"line":13,"column":87}},"5":{"start":{"line":14,"column":20},"end":{"line":14,"column":111}},"6":{"start":{"line":15,"column":17},"end":{"line":15,"column":55}},"7":{"start":{"line":17,"column":2},"end":{"line":35,"column":3}},"8":{"start":{"line":22,"column":12},"end":{"line":25,"column":23}},"9":{"start":{"line":28,"column":12},"end":{"line":31,"column":23}},"10":{"start":{"line":38,"column":24},"end":{"line":41,"column":2}},"11":{"start":{"line":38,"column":36},"end":{"line":41,"column":1}},"12":{"start":{"line":45,"column":0},"end":{"line":48,"column":1}}},"fnMap":{"0":{"name":"(anonymous_0)","decl":{"start":{"line":8,"column":24},"end":{"line":8,"column":25}},"loc":{"start":{"line":8,"column":49},"end":{"line":36,"column":1}},"line":8},"1":{"name":"(anonymous_1)","decl":{"start":{"line":9,"column":32},"end":{"line":9,"column":33}},"loc":{"start":{"line":10,"column":4},"end":{"line":12,"column":22}},"line":10},"2":{"name":"(anonymous_2)","decl":{"start":{"line":13,"column":42},"end":{"line":13,"column":43}},"loc":{"start":{"line":13,"column":55},"end":{"line":13,"column":87}},"line":13},"3":{"name":"(anonymous_3)","decl":{"start":{"line":21,"column":43},"end":{"line":21,"column":44}},"loc":{"start":{"line":22,"column":12},"end":{"line":25,"column":23}},"line":22},"4":{"name":"(anonymous_4)","decl":{"start":{"line":27,"column":34},"end":{"line":27,"column":35}},"loc":{"start":{"line":28,"column":12},"end":{"line":31,"column":23}},"line":28},"5":{"name":"(anonymous_5)","decl":{"start":{"line":38,"column":24},"end":{"line":38,"column":25}},"loc":{"start":{"line":38,"column":36},"end":{"line":41,"column":1}},"line":38}},"branchMap":{"0":{"loc":{"start":{"line":14,"column":20},"end":{"line":14,"column":111}},"type":"binary-expr","locations":[{"start":{"line":14,"column":20},"end":{"line":14,"column":41}},{"start":{"line":14,"column":45},"end":{"line":14,"column":111}}],"line":14},"1":{"loc":{"start":{"line":15,"column":17},"end":{"line":15,"column":55}},"type":"cond-expr","locations":[{"start":{"line":15,"column":27},"end":{"line":15,"column":42}},{"start":{"line":15,"column":45},"end":{"line":15,"column":55}}],"line":15},"2":{"loc":{"start":{"line":24,"column":50},"end":{"line":24,"column":76}},"type":"binary-expr","locations":[{"start":{"line":24,"column":50},"end":{"line":24,"column":59}},{"start":{"line":24,"column":63},"end":{"line":24,"column":76}}],"line":24}},"s":{"0":3,"1":3,"2":3,"3":3,"4":3,"5":3,"6":3,"7":3,"8":0,"9":0,"10":3,"11":0,"12":3},"f":{"0":3,"1":3,"2":3,"3":0,"4":0,"5":0},"b":{"0":[3,3],"1":[2,1],"2":[0,0]},"_coverageSchema":"332fd63041d2c1bcb487cc26dd0d5f7d97098a6c","hash":"53779c5e3f886fa935b8fe1f77085665ead97e7b"}
,"/Users/whitneyburton/Documents/turing/mod3/movie-tracker/The_Best_Movies/src/containers/CreateUser/CreateUser.js": {"path":"/Users/whitneyburton/Documents/turing/mod3/movie-tracker/The_Best_Movies/src/containers/CreateUser/CreateUser.js","statementMap":{"0":{"start":{"line":9,"column":4},"end":{"line":9,"column":11}},"1":{"start":{"line":10,"column":4},"end":{"line":16,"column":5}},"2":{"start":{"line":20,"column":28},"end":{"line":20,"column":36}},"3":{"start":{"line":22,"column":4},"end":{"line":24,"column":6}},"4":{"start":{"line":28,"column":4},"end":{"line":28,"column":23}},"5":{"start":{"line":29,"column":38},"end":{"line":29,"column":48}},"6":{"start":{"line":30,"column":17},"end":{"line":30,"column":42}},"7":{"start":{"line":32,"column":4},"end":{"line":41,"column":5}},"8":{"start":{"line":33,"column":6},"end":{"line":33,"column":39}},"9":{"start":{"line":34,"column":6},"end":{"line":36,"column":8}},"10":{"start":{"line":38,"column":6},"end":{"line":40,"column":8}},"11":{"start":{"line":43,"column":28},"end":{"line":43,"column":53}},"12":{"start":{"line":45,"column":31},"end":{"line":45,"column":41}},"13":{"start":{"line":46,"column":4},"end":{"line":80,"column":5}},"14":{"start":{"line":75,"column":40},"end":{"line":75,"column":66}},"15":{"start":{"line":86,"column":0},"end":{"line":88,"column":1}}},"fnMap":{"0":{"name":"(anonymous_0)","decl":{"start":{"line":8,"column":2},"end":{"line":8,"column":3}},"loc":{"start":{"line":8,"column":16},"end":{"line":17,"column":3}},"line":8},"1":{"name":"(anonymous_1)","decl":{"start":{"line":19,"column":17},"end":{"line":19,"column":18}},"loc":{"start":{"line":19,"column":24},"end":{"line":25,"column":3}},"line":19},"2":{"name":"(anonymous_2)","decl":{"start":{"line":27,"column":17},"end":{"line":27,"column":18}},"loc":{"start":{"line":27,"column":30},"end":{"line":42,"column":3}},"line":27},"3":{"name":"(anonymous_3)","decl":{"start":{"line":43,"column":22},"end":{"line":43,"column":23}},"loc":{"start":{"line":43,"column":28},"end":{"line":43,"column":53}},"line":43},"4":{"name":"(anonymous_4)","decl":{"start":{"line":44,"column":2},"end":{"line":44,"column":3}},"loc":{"start":{"line":44,"column":11},"end":{"line":81,"column":3}},"line":44},"5":{"name":"(anonymous_5)","decl":{"start":{"line":75,"column":34},"end":{"line":75,"column":35}},"loc":{"start":{"line":75,"column":40},"end":{"line":75,"column":66}},"line":75}},"branchMap":{"0":{"loc":{"start":{"line":47,"column":6},"end":{"line":79,"column":14}},"type":"cond-expr","locations":[{"start":{"line":48,"column":8},"end":{"line":48,"column":32}},{"start":{"line":49,"column":8},"end":{"line":79,"column":14}}],"line":47},"1":{"loc":{"start":{"line":76,"column":13},"end":{"line":76,"column":38}},"type":"binary-expr","locations":[{"start":{"line":76,"column":13},"end":{"line":76,"column":18}},{"start":{"line":76,"column":22},"end":{"line":76,"column":38}}],"line":76}},"s":{"0":3,"1":3,"2":0,"3":0,"4":1,"5":1,"6":1,"7":1,"8":1,"9":1,"10":0,"11":3,"12":4,"13":4,"14":1,"15":4},"f":{"0":3,"1":0,"2":1,"3":3,"4":4,"5":1},"b":{"0":[1,3],"1":[3,0]},"_coverageSchema":"332fd63041d2c1bcb487cc26dd0d5f7d97098a6c","hash":"f80a37fb37c7a543d2c6ac1413d2a02fba7748cb"}
,"/Users/whitneyburton/Documents/turing/mod3/movie-tracker/The_Best_Movies/src/containers/Login/Login.js": {"path":"/Users/whitneyburton/Documents/turing/mod3/movie-tracker/The_Best_Movies/src/containers/Login/Login.js","statementMap":{"0":{"start":{"line":11,"column":4},"end":{"line":11,"column":11}},"1":{"start":{"line":12,"column":4},"end":{"line":17,"column":5}},"2":{"start":{"line":21,"column":28},"end":{"line":21,"column":36}},"3":{"start":{"line":22,"column":4},"end":{"line":24,"column":6}},"4":{"start":{"line":28,"column":32},"end":{"line":28,"column":42}},"5":{"start":{"line":29,"column":17},"end":{"line":29,"column":61}},"6":{"start":{"line":30,"column":25},"end":{"line":30,"column":29}},"7":{"start":{"line":31,"column":4},"end":{"line":31,"column":63}},"8":{"start":{"line":32,"column":4},"end":{"line":32,"column":36}},"9":{"start":{"line":33,"column":4},"end":{"line":33,"column":14}},"10":{"start":{"line":37,"column":28},"end":{"line":37,"column":55}},"11":{"start":{"line":38,"column":22},"end":{"line":38,"column":52}},"12":{"start":{"line":39,"column":4},"end":{"line":39,"column":46}},"13":{"start":{"line":43,"column":4},"end":{"line":43,"column":23}},"14":{"start":{"line":44,"column":4},"end":{"line":54,"column":5}},"15":{"start":{"line":45,"column":21},"end":{"line":45,"column":41}},"16":{"start":{"line":46,"column":6},"end":{"line":46,"column":35}},"17":{"start":{"line":47,"column":6},"end":{"line":47,"column":39}},"18":{"start":{"line":48,"column":6},"end":{"line":48,"column":32}},"19":{"start":{"line":50,"column":6},"end":{"line":52,"column":8}},"20":{"start":{"line":58,"column":4},"end":{"line":58,"column":29}},"21":{"start":{"line":59,"column":4},"end":{"line":59,"column":36}},"22":{"start":{"line":63,"column":32},"end":{"line":63,"column":42}},"23":{"start":{"line":65,"column":4},"end":{"line":88,"column":5}},"24":{"start":{"line":86,"column":59},"end":{"line":86,"column":85}},"25":{"start":{"line":92,"column":31},"end":{"line":94,"column":2}},"26":{"start":{"line":92,"column":43},"end":{"line":94,"column":1}},"27":{"start":{"line":96,"column":34},"end":{"line":102,"column":2}},"28":{"start":{"line":96,"column":49},"end":{"line":102,"column":1}},"29":{"start":{"line":97,"column":25},"end":{"line":97,"column":52}},"30":{"start":{"line":98,"column":21},"end":{"line":98,"column":44}},"31":{"start":{"line":99,"column":40},"end":{"line":99,"column":82}},"32":{"start":{"line":100,"column":28},"end":{"line":100,"column":58}},"33":{"start":{"line":101,"column":22},"end":{"line":101,"column":46}},"34":{"start":{"line":106,"column":0},"end":{"line":111,"column":1}}},"fnMap":{"0":{"name":"(anonymous_0)","decl":{"start":{"line":10,"column":2},"end":{"line":10,"column":3}},"loc":{"start":{"line":10,"column":16},"end":{"line":18,"column":3}},"line":10},"1":{"name":"(anonymous_1)","decl":{"start":{"line":20,"column":17},"end":{"line":20,"column":18}},"loc":{"start":{"line":20,"column":24},"end":{"line":25,"column":3}},"line":20},"2":{"name":"(anonymous_2)","decl":{"start":{"line":27,"column":12},"end":{"line":27,"column":13}},"loc":{"start":{"line":27,"column":24},"end":{"line":34,"column":3}},"line":27},"3":{"name":"(anonymous_3)","decl":{"start":{"line":36,"column":21},"end":{"line":36,"column":22}},"loc":{"start":{"line":36,"column":39},"end":{"line":40,"column":3}},"line":36},"4":{"name":"(anonymous_4)","decl":{"start":{"line":42,"column":17},"end":{"line":42,"column":18}},"loc":{"start":{"line":42,"column":30},"end":{"line":55,"column":3}},"line":42},"5":{"name":"(anonymous_5)","decl":{"start":{"line":57,"column":22},"end":{"line":57,"column":23}},"loc":{"start":{"line":57,"column":28},"end":{"line":60,"column":3}},"line":57},"6":{"name":"(anonymous_6)","decl":{"start":{"line":62,"column":2},"end":{"line":62,"column":3}},"loc":{"start":{"line":62,"column":11},"end":{"line":89,"column":3}},"line":62},"7":{"name":"(anonymous_7)","decl":{"start":{"line":86,"column":53},"end":{"line":86,"column":54}},"loc":{"start":{"line":86,"column":59},"end":{"line":86,"column":85}},"line":86},"8":{"name":"(anonymous_8)","decl":{"start":{"line":92,"column":31},"end":{"line":92,"column":32}},"loc":{"start":{"line":92,"column":43},"end":{"line":94,"column":1}},"line":92},"9":{"name":"(anonymous_9)","decl":{"start":{"line":96,"column":34},"end":{"line":96,"column":35}},"loc":{"start":{"line":96,"column":49},"end":{"line":102,"column":1}},"line":96},"10":{"name":"(anonymous_10)","decl":{"start":{"line":97,"column":13},"end":{"line":97,"column":14}},"loc":{"start":{"line":97,"column":25},"end":{"line":97,"column":52}},"line":97},"11":{"name":"(anonymous_11)","decl":{"start":{"line":98,"column":11},"end":{"line":98,"column":12}},"loc":{"start":{"line":98,"column":21},"end":{"line":98,"column":44}},"line":98},"12":{"name":"(anonymous_12)","decl":{"start":{"line":99,"column":16},"end":{"line":99,"column":17}},"loc":{"start":{"line":99,"column":40},"end":{"line":99,"column":82}},"line":99},"13":{"name":"(anonymous_13)","decl":{"start":{"line":100,"column":18},"end":{"line":100,"column":19}},"loc":{"start":{"line":100,"column":28},"end":{"line":100,"column":58}},"line":100},"14":{"name":"(anonymous_14)","decl":{"start":{"line":101,"column":12},"end":{"line":101,"column":13}},"loc":{"start":{"line":101,"column":22},"end":{"line":101,"column":46}},"line":101}},"branchMap":{"0":{"loc":{"start":{"line":66,"column":6},"end":{"line":87,"column":15}},"type":"cond-expr","locations":[{"start":{"line":66,"column":17},"end":{"line":66,"column":36}},{"start":{"line":67,"column":8},"end":{"line":87,"column":15}}],"line":66},"1":{"loc":{"start":{"line":82,"column":11},"end":{"line":82,"column":36}},"type":"binary-expr","locations":[{"start":{"line":82,"column":11},"end":{"line":82,"column":16}},{"start":{"line":82,"column":20},"end":{"line":82,"column":36}}],"line":82}},"s":{"0":8,"1":8,"2":0,"3":0,"4":2,"5":2,"6":2,"7":2,"8":2,"9":2,"10":2,"11":2,"12":2,"13":2,"14":2,"15":2,"16":2,"17":2,"18":2,"19":0,"20":8,"21":8,"22":11,"23":11,"24":1,"25":4,"26":1,"27":4,"28":1,"29":1,"30":0,"31":0,"32":1,"33":2,"34":4},"f":{"0":8,"1":0,"2":2,"3":2,"4":2,"5":8,"6":11,"7":1,"8":1,"9":1,"10":1,"11":0,"12":0,"13":1,"14":2},"b":{"0":[2,9],"1":[9,0]},"_coverageSchema":"332fd63041d2c1bcb487cc26dd0d5f7d97098a6c","hash":"a04b7e2ba49c9faeb6e246a2dacbad2b8be50c74"}
,"/Users/whitneyburton/Documents/turing/mod3/movie-tracker/The_Best_Movies/src/containers/Profile/Profile.js": {"path":"/Users/whitneyburton/Documents/turing/mod3/movie-tracker/The_Best_Movies/src/containers/Profile/Profile.js","statementMap":{"0":{"start":{"line":9,"column":23},"end":{"line":33,"column":1}},"1":{"start":{"line":10,"column":17},"end":{"line":18,"column":3}},"2":{"start":{"line":11,"column":4},"end":{"line":11,"column":17}},"3":{"start":{"line":12,"column":4},"end":{"line":17,"column":5}},"4":{"start":{"line":13,"column":6},"end":{"line":13,"column":47}},"5":{"start":{"line":14,"column":6},"end":{"line":14,"column":38}},"6":{"start":{"line":16,"column":6},"end":{"line":16,"column":40}},"7":{"start":{"line":20,"column":2},"end":{"line":32,"column":3}},"8":{"start":{"line":24,"column":66},"end":{"line":24,"column":80}},"9":{"start":{"line":29,"column":56},"end":{"line":29,"column":64}},"10":{"start":{"line":35,"column":31},"end":{"line":37,"column":2}},"11":{"start":{"line":35,"column":43},"end":{"line":37,"column":1}},"12":{"start":{"line":39,"column":34},"end":{"line":43,"column":2}},"13":{"start":{"line":39,"column":49},"end":{"line":43,"column":1}},"14":{"start":{"line":40,"column":21},"end":{"line":40,"column":44}},"15":{"start":{"line":41,"column":25},"end":{"line":41,"column":52}},"16":{"start":{"line":42,"column":22},"end":{"line":42,"column":46}},"17":{"start":{"line":47,"column":0},"end":{"line":52,"column":1}}},"fnMap":{"0":{"name":"(anonymous_0)","decl":{"start":{"line":9,"column":23},"end":{"line":9,"column":24}},"loc":{"start":{"line":9,"column":67},"end":{"line":33,"column":1}},"line":9},"1":{"name":"(anonymous_1)","decl":{"start":{"line":10,"column":17},"end":{"line":10,"column":18}},"loc":{"start":{"line":10,"column":29},"end":{"line":18,"column":3}},"line":10},"2":{"name":"(anonymous_2)","decl":{"start":{"line":24,"column":60},"end":{"line":24,"column":61}},"loc":{"start":{"line":24,"column":66},"end":{"line":24,"column":80}},"line":24},"3":{"name":"(anonymous_3)","decl":{"start":{"line":29,"column":50},"end":{"line":29,"column":51}},"loc":{"start":{"line":29,"column":56},"end":{"line":29,"column":64}},"line":29},"4":{"name":"(anonymous_4)","decl":{"start":{"line":35,"column":31},"end":{"line":35,"column":32}},"loc":{"start":{"line":35,"column":43},"end":{"line":37,"column":1}},"line":35},"5":{"name":"(anonymous_5)","decl":{"start":{"line":39,"column":34},"end":{"line":39,"column":35}},"loc":{"start":{"line":39,"column":49},"end":{"line":43,"column":1}},"line":39},"6":{"name":"(anonymous_6)","decl":{"start":{"line":40,"column":11},"end":{"line":40,"column":12}},"loc":{"start":{"line":40,"column":21},"end":{"line":40,"column":44}},"line":40},"7":{"name":"(anonymous_7)","decl":{"start":{"line":41,"column":13},"end":{"line":41,"column":14}},"loc":{"start":{"line":41,"column":25},"end":{"line":41,"column":52}},"line":41},"8":{"name":"(anonymous_8)","decl":{"start":{"line":42,"column":12},"end":{"line":42,"column":13}},"loc":{"start":{"line":42,"column":22},"end":{"line":42,"column":46}},"line":42}},"branchMap":{"0":{"loc":{"start":{"line":22,"column":7},"end":{"line":30,"column":14}},"type":"cond-expr","locations":[{"start":{"line":23,"column":8},"end":{"line":25,"column":14}},{"start":{"line":27,"column":8},"end":{"line":30,"column":14}}],"line":22}},"s":{"0":4,"1":8,"2":1,"3":1,"4":1,"5":0,"6":0,"7":8,"8":1,"9":1,"10":4,"11":1,"12":4,"13":1,"14":1,"15":1,"16":1,"17":4},"f":{"0":8,"1":1,"2":1,"3":1,"4":1,"5":1,"6":1,"7":1,"8":1},"b":{"0":[7,1]},"_coverageSchema":"332fd63041d2c1bcb487cc26dd0d5f7d97098a6c","hash":"4a68611c95338c854a8991e1b52ea871cafbeb46"}
,"/Users/whitneyburton/Documents/turing/mod3/movie-tracker/The_Best_Movies/src/reducers/loginReducer.js": {"path":"/Users/whitneyburton/Documents/turing/mod3/movie-tracker/The_Best_Movies/src/reducers/loginReducer.js","statementMap":{"0":{"start":{"line":1,"column":21},"end":{"line":1,"column":26}},"1":{"start":{"line":3,"column":34},"end":{"line":10,"column":1}},"2":{"start":{"line":4,"column":2},"end":{"line":9,"column":3}},"3":{"start":{"line":6,"column":6},"end":{"line":6,"column":24}},"4":{"start":{"line":8,"column":6},"end":{"line":8,"column":18}}},"fnMap":{"0":{"name":"(anonymous_0)","decl":{"start":{"line":3,"column":34},"end":{"line":3,"column":35}},"loc":{"start":{"line":3,"column":68},"end":{"line":10,"column":1}},"line":3}},"branchMap":{"0":{"loc":{"start":{"line":3,"column":35},"end":{"line":3,"column":55}},"type":"default-arg","locations":[{"start":{"line":3,"column":43},"end":{"line":3,"column":55}}],"line":3},"1":{"loc":{"start":{"line":4,"column":2},"end":{"line":9,"column":3}},"type":"switch","locations":[{"start":{"line":5,"column":4},"end":{"line":6,"column":24}},{"start":{"line":7,"column":4},"end":{"line":8,"column":18}}],"line":4}},"s":{"0":1,"1":1,"2":2,"3":1,"4":1},"f":{"0":2},"b":{"0":[1],"1":[1,1]},"_coverageSchema":"332fd63041d2c1bcb487cc26dd0d5f7d97098a6c","hash":"763e74cfd1fca343c1e5441f26c50b9212568c3d"}
,"/Users/whitneyburton/Documents/turing/mod3/movie-tracker/The_Best_Movies/src/reducers/moviesReducer.js": {"path":"/Users/whitneyburton/Documents/turing/mod3/movie-tracker/The_Best_Movies/src/reducers/moviesReducer.js","statementMap":{"0":{"start":{"line":1,"column":21},"end":{"line":1,"column":23}},"1":{"start":{"line":3,"column":29},"end":{"line":33,"column":1}},"2":{"start":{"line":4,"column":30},"end":{"line":4,"column":36}},"3":{"start":{"line":5,"column":2},"end":{"line":32,"column":3}},"4":{"start":{"line":7,"column":6},"end":{"line":10,"column":8}},"5":{"start":{"line":8,"column":8},"end":{"line":8,"column":33}},"6":{"start":{"line":9,"column":8},"end":{"line":9,"column":20}},"7":{"start":{"line":12,"column":6},"end":{"line":17,"column":8}},"8":{"start":{"line":13,"column":8},"end":{"line":16,"column":15}},"9":{"start":{"line":19,"column":6},"end":{"line":29,"column":8}},"10":{"start":{"line":20,"column":8},"end":{"line":20,"column":33}},"11":{"start":{"line":21,"column":8},"end":{"line":21,"column":38}},"12":{"start":{"line":23,"column":8},"end":{"line":27,"column":10}},"13":{"start":{"line":24,"column":10},"end":{"line":26,"column":11}},"14":{"start":{"line":25,"column":12},"end":{"line":25,"column":35}},"15":{"start":{"line":28,"column":8},"end":{"line":28,"column":21}},"16":{"start":{"line":31,"column":6},"end":{"line":31,"column":18}}},"fnMap":{"0":{"name":"(anonymous_0)","decl":{"start":{"line":3,"column":29},"end":{"line":3,"column":30}},"loc":{"start":{"line":3,"column":63},"end":{"line":33,"column":1}},"line":3},"1":{"name":"(anonymous_1)","decl":{"start":{"line":7,"column":31},"end":{"line":7,"column":32}},"loc":{"start":{"line":7,"column":40},"end":{"line":10,"column":7}},"line":7},"2":{"name":"(anonymous_2)","decl":{"start":{"line":12,"column":28},"end":{"line":12,"column":29}},"loc":{"start":{"line":13,"column":8},"end":{"line":16,"column":15}},"line":13},"3":{"name":"(anonymous_3)","decl":{"start":{"line":19,"column":28},"end":{"line":19,"column":29}},"loc":{"start":{"line":19,"column":37},"end":{"line":29,"column":7}},"line":19},"4":{"name":"(anonymous_4)","decl":{"start":{"line":23,"column":33},"end":{"line":23,"column":34}},"loc":{"start":{"line":23,"column":45},"end":{"line":27,"column":9}},"line":23}},"branchMap":{"0":{"loc":{"start":{"line":3,"column":30},"end":{"line":3,"column":50}},"type":"default-arg","locations":[{"start":{"line":3,"column":38},"end":{"line":3,"column":50}}],"line":3},"1":{"loc":{"start":{"line":5,"column":2},"end":{"line":32,"column":3}},"type":"switch","locations":[{"start":{"line":6,"column":4},"end":{"line":10,"column":8}},{"start":{"line":11,"column":4},"end":{"line":17,"column":8}},{"start":{"line":18,"column":4},"end":{"line":29,"column":8}},{"start":{"line":30,"column":4},"end":{"line":31,"column":18}}],"line":5},"2":{"loc":{"start":{"line":13,"column":8},"end":{"line":16,"column":15}},"type":"cond-expr","locations":[{"start":{"line":14,"column":10},"end":{"line":14,"column":53}},{"start":{"line":16,"column":10},"end":{"line":16,"column":15}}],"line":13},"3":{"loc":{"start":{"line":24,"column":10},"end":{"line":26,"column":11}},"type":"if","locations":[{"start":{"line":24,"column":10},"end":{"line":26,"column":11}},{"start":{"line":24,"column":10},"end":{"line":26,"column":11}}],"line":24}},"s":{"0":1,"1":1,"2":3,"3":3,"4":1,"5":1,"6":1,"7":0,"8":0,"9":1,"10":2,"11":2,"12":2,"13":4,"14":2,"15":2,"16":1},"f":{"0":3,"1":1,"2":0,"3":2,"4":4},"b":{"0":[2],"1":[1,0,1,1],"2":[0,0],"3":[2,2]},"_coverageSchema":"332fd63041d2c1bcb487cc26dd0d5f7d97098a6c","hash":"6ffa75fd3841434d20d696e5a7fce362ef6cfaa6"}
,"/Users/whitneyburton/Documents/turing/mod3/movie-tracker/The_Best_Movies/src/reducers/popupReducer.js": {"path":"/Users/whitneyburton/Documents/turing/mod3/movie-tracker/The_Best_Movies/src/reducers/popupReducer.js","statementMap":{"0":{"start":{"line":1,"column":21},"end":{"line":1,"column":26}},"1":{"start":{"line":3,"column":28},"end":{"line":10,"column":1}},"2":{"start":{"line":4,"column":2},"end":{"line":9,"column":3}},"3":{"start":{"line":6,"column":6},"end":{"line":6,"column":24}},"4":{"start":{"line":8,"column":6},"end":{"line":8,"column":18}}},"fnMap":{"0":{"name":"(anonymous_0)","decl":{"start":{"line":3,"column":28},"end":{"line":3,"column":29}},"loc":{"start":{"line":3,"column":62},"end":{"line":10,"column":1}},"line":3}},"branchMap":{"0":{"loc":{"start":{"line":3,"column":29},"end":{"line":3,"column":49}},"type":"default-arg","locations":[{"start":{"line":3,"column":37},"end":{"line":3,"column":49}}],"line":3},"1":{"loc":{"start":{"line":4,"column":2},"end":{"line":9,"column":3}},"type":"switch","locations":[{"start":{"line":5,"column":4},"end":{"line":6,"column":24}},{"start":{"line":7,"column":4},"end":{"line":8,"column":18}}],"line":4}},"s":{"0":1,"1":1,"2":2,"3":2,"4":0},"f":{"0":2},"b":{"0":[2],"1":[2,0]},"_coverageSchema":"332fd63041d2c1bcb487cc26dd0d5f7d97098a6c","hash":"1b8eb95ad636dcbbf0c13488184e7966fad791f7"}
,"/Users/whitneyburton/Documents/turing/mod3/movie-tracker/The_Best_Movies/src/reducers/userReducer.js": {"path":"/Users/whitneyburton/Documents/turing/mod3/movie-tracker/The_Best_Movies/src/reducers/userReducer.js","statementMap":{"0":{"start":{"line":1,"column":21},"end":{"line":1,"column":25}},"1":{"start":{"line":3,"column":27},"end":{"line":10,"column":1}},"2":{"start":{"line":4,"column":2},"end":{"line":9,"column":3}},"3":{"start":{"line":6,"column":4},"end":{"line":6,"column":22}},"4":{"start":{"line":8,"column":4},"end":{"line":8,"column":17}}},"fnMap":{"0":{"name":"(anonymous_0)","decl":{"start":{"line":3,"column":27},"end":{"line":3,"column":28}},"loc":{"start":{"line":3,"column":61},"end":{"line":10,"column":1}},"line":3}},"branchMap":{"0":{"loc":{"start":{"line":3,"column":28},"end":{"line":3,"column":48}},"type":"default-arg","locations":[{"start":{"line":3,"column":36},"end":{"line":3,"column":48}}],"line":3},"1":{"loc":{"start":{"line":4,"column":2},"end":{"line":9,"column":3}},"type":"switch","locations":[{"start":{"line":5,"column":2},"end":{"line":6,"column":22}},{"start":{"line":7,"column":2},"end":{"line":8,"column":17}}],"line":4}},"s":{"0":1,"1":1,"2":2,"3":1,"4":1},"f":{"0":2},"b":{"0":[2],"1":[1,1]},"_coverageSchema":"332fd63041d2c1bcb487cc26dd0d5f7d97098a6c","hash":"d90ebfeb2d4dc05420c312a4e81dc9fd1dcdcc0a"}
}
