TN:
SF:/Users/whitneyburton/Documents/turing/mod3/movie-tracker/The_Best_Movies/src/actions/index.js
FN:2,(anonymous_0)
FN:7,(anonymous_1)
FN:12,(anonymous_2)
FN:19,(anonymous_3)
FN:25,(anonymous_4)
FN:31,(anonymous_5)
FNF:6
FNH:6
FNDA:1,(anonymous_0)
FNDA:6,(anonymous_1)
FNDA:2,(anonymous_2)
FNDA:4,(anonymous_3)
FNDA:3,(anonymous_4)
FNDA:7,(anonymous_5)
DA:2,9
DA:7,9
DA:12,9
DA:19,9
DA:25,9
DA:31,9
LF:6
LH:6
BRF:0
BRH:0
end_of_record
TN:
SF:/Users/whitneyburton/Documents/turing/mod3/movie-tracker/The_Best_Movies/src/api/index.js
FN:6,(anonymous_0)
FN:14,(anonymous_1)
FN:21,(anonymous_2)
FN:28,(anonymous_3)
FN:35,(anonymous_4)
FNF:5
FNH:5
FNDA:6,(anonymous_0)
FNDA:2,(anonymous_1)
FNDA:2,(anonymous_2)
FNDA:3,(anonymous_3)
FNDA:4,(anonymous_4)
DA:4,8
DA:5,8
DA:6,8
DA:14,8
DA:15,2
DA:16,2
DA:17,1
DA:18,1
DA:21,8
DA:22,2
DA:23,2
DA:24,1
DA:25,1
DA:28,8
DA:29,3
DA:30,3
DA:31,2
DA:32,2
DA:35,8
DA:36,4
DA:37,3
DA:38,2
DA:39,2
LF:23
LH:23
BRDA:16,0,0,1
BRDA:16,0,1,1
BRDA:23,1,0,1
BRDA:23,1,1,1
BRDA:30,2,0,1
BRDA:30,2,1,2
BRDA:37,3,0,1
BRDA:37,3,1,2
BRF:8
BRH:8
end_of_record
TN:
SF:/Users/whitneyburton/Documents/turing/mod3/movie-tracker/The_Best_Movies/src/components/index.js
FNF:0
FNH:0
LF:0
LH:0
BRF:0
BRH:0
end_of_record
TN:
SF:/Users/whitneyburton/Documents/turing/mod3/movie-tracker/The_Best_Movies/src/components/CreateAccountPrompt/CreateAccountPrompt.js
FN:5,(anonymous_0)
FN:12,(anonymous_1)
FN:13,(anonymous_2)
FNF:3
FNH:3
FNDA:4,(anonymous_0)
FNDA:1,(anonymous_1)
FNDA:1,(anonymous_2)
DA:5,4
DA:6,4
DA:7,4
DA:9,4
DA:12,1
DA:13,1
LF:6
LH:6
BRF:0
BRH:0
end_of_record
TN:
SF:/Users/whitneyburton/Documents/turing/mod3/movie-tracker/The_Best_Movies/src/components/Movie/Movie.js
FN:8,(anonymous_0)
FN:14,(anonymous_1)
FN:31,(anonymous_2)
FN:34,(anonymous_3)
FN:40,(anonymous_4)
FN:51,(anonymous_5)
FN:64,(anonymous_6)
FN:69,(anonymous_7)
FN:73,(anonymous_8)
FN:74,(anonymous_9)
FN:75,(anonymous_10)
FN:76,(anonymous_11)
FNF:12
FNH:7
FNDA:10,(anonymous_0)
FNDA:1,(anonymous_1)
FNDA:1,(anonymous_2)
FNDA:1,(anonymous_3)
FNDA:9,(anonymous_4)
FNDA:2,(anonymous_5)
FNDA:1,(anonymous_6)
FNDA:0,(anonymous_7)
FNDA:0,(anonymous_8)
FNDA:0,(anonymous_9)
FNDA:0,(anonymous_10)
FNDA:0,(anonymous_11)
DA:8,4
DA:13,10
DA:14,10
DA:15,1
DA:16,1
DA:17,1
DA:18,1
DA:19,1
DA:20,1
DA:21,1
DA:24,1
DA:25,1
DA:27,0
DA:31,10
DA:32,1
DA:34,1
DA:40,10
DA:41,9
DA:46,10
DA:48,10
DA:51,2
DA:64,1
DA:69,4
DA:73,4
DA:74,0
DA:75,0
DA:76,0
LF:27
LH:23
BRDA:16,0,0,1
BRDA:16,0,1,0
BRDA:21,1,0,1
BRDA:21,1,1,0
BRDA:46,2,0,9
BRDA:46,2,1,1
BRDA:50,3,0,10
BRDA:50,3,1,9
BRDA:63,4,0,10
BRDA:63,4,1,1
BRDA:64,5,0,0
BRDA:64,5,1,10
BRF:12
BRH:9
end_of_record
TN:
SF:/Users/whitneyburton/Documents/turing/mod3/movie-tracker/The_Best_Movies/src/components/Nav/Nav.js
FN:5,(anonymous_0)
FNF:1
FNH:1
FNDA:1,(anonymous_0)
DA:5,4
DA:6,1
LF:2
LH:2
BRF:0
BRH:0
end_of_record
TN:
SF:/Users/whitneyburton/Documents/turing/mod3/movie-tracker/The_Best_Movies/src/components/View/View.js
FN:10,(anonymous_0)
FN:12,(anonymous_1)
FN:17,(anonymous_2)
FN:23,(anonymous_3)
FN:24,(anonymous_4)
FNF:5
FNH:3
FNDA:2,(anonymous_0)
FNDA:2,(anonymous_1)
FNDA:4,(anonymous_2)
FNDA:0,(anonymous_3)
FNDA:0,(anonymous_4)
DA:11,2
DA:12,2
DA:13,2
DA:14,1
DA:18,4
DA:23,0
DA:24,0
LF:7
LH:5
BRDA:13,0,0,1
BRDA:13,0,1,1
BRF:2
BRH:2
end_of_record
TN:
SF:/Users/whitneyburton/Documents/turing/mod3/movie-tracker/The_Best_Movies/src/containers/index.js
FNF:0
FNH:0
LF:0
LH:0
BRF:0
BRH:0
end_of_record
TN:
SF:/Users/whitneyburton/Documents/turing/mod3/movie-tracker/The_Best_Movies/src/containers/App/App.js
FN:13,(anonymous_0)
FN:20,(anonymous_1)
FN:47,(anonymous_2)
FN:52,(anonymous_3)
FN:53,(anonymous_4)
FN:56,(anonymous_5)
FN:62,(anonymous_6)
FN:68,(anonymous_7)
FN:69,(anonymous_8)
FN:70,(anonymous_9)
FN:71,(anonymous_10)
FN:72,(anonymous_11)
FN:73,(anonymous_12)
FNF:13
FNH:7
FNDA:0,(anonymous_0)
FNDA:7,(anonymous_1)
FNDA:7,(anonymous_2)
FNDA:0,(anonymous_3)
FNDA:0,(anonymous_4)
FNDA:0,(anonymous_5)
FNDA:1,(anonymous_6)
FNDA:1,(anonymous_7)
FNDA:1,(anonymous_8)
FNDA:0,(anonymous_9)
FNDA:1,(anonymous_10)
FNDA:1,(anonymous_11)
FNDA:0,(anonymous_12)
DA:14,0
DA:15,0
DA:16,0
DA:17,0
DA:21,7
DA:22,0
DA:23,0
DA:24,0
DA:28,7
DA:29,1
DA:30,1
DA:31,1
DA:32,1
DA:33,1
DA:34,1
DA:36,1
DA:38,0
DA:42,6
DA:44,7
DA:48,7
DA:49,7
DA:52,0
DA:53,0
DA:56,0
DA:62,3
DA:68,3
DA:69,1
DA:70,0
DA:71,1
DA:72,1
DA:73,0
DA:79,3
LF:32
LH:19
BRDA:21,0,0,0
BRDA:21,0,1,7
BRDA:28,1,0,1
BRDA:28,1,1,6
BRDA:53,2,0,0
BRDA:53,2,1,0
BRF:6
BRH:3
end_of_record
TN:
SF:/Users/whitneyburton/Documents/turing/mod3/movie-tracker/The_Best_Movies/src/containers/Carousel/Carousel.js
FN:8,(anonymous_0)
FN:9,(anonymous_1)
FN:13,(anonymous_2)
FN:21,(anonymous_3)
FN:27,(anonymous_4)
FN:38,(anonymous_5)
FNF:6
FNH:3
FNDA:3,(anonymous_0)
FNDA:3,(anonymous_1)
FNDA:3,(anonymous_2)
FNDA:0,(anonymous_3)
FNDA:0,(anonymous_4)
FNDA:0,(anonymous_5)
DA:8,3
DA:9,3
DA:10,3
DA:13,3
DA:14,3
DA:15,3
DA:17,3
DA:22,0
DA:28,0
DA:38,3
DA:45,3
LF:11
LH:9
BRDA:14,0,0,3
BRDA:14,0,1,3
BRDA:15,1,0,2
BRDA:15,1,1,1
BRDA:24,2,0,0
BRDA:24,2,1,0
BRF:6
BRH:4
end_of_record
TN:
SF:/Users/whitneyburton/Documents/turing/mod3/movie-tracker/The_Best_Movies/src/containers/CreateUser/CreateUser.js
FN:8,(anonymous_0)
FN:19,(anonymous_1)
FN:27,(anonymous_2)
FN:43,(anonymous_3)
FN:44,(anonymous_4)
FN:75,(anonymous_5)
FNF:6
FNH:5
FNDA:3,(anonymous_0)
FNDA:0,(anonymous_1)
FNDA:1,(anonymous_2)
FNDA:3,(anonymous_3)
FNDA:4,(anonymous_4)
FNDA:1,(anonymous_5)
DA:9,3
DA:10,3
DA:20,0
DA:22,0
DA:28,1
DA:29,1
DA:30,1
DA:32,1
DA:33,1
DA:34,1
DA:38,0
DA:43,3
DA:45,4
DA:46,4
DA:75,1
DA:86,4
LF:16
LH:13
BRDA:47,0,0,1
BRDA:47,0,1,3
BRDA:76,1,0,3
BRDA:76,1,1,0
BRF:4
BRH:3
end_of_record
TN:
SF:/Users/whitneyburton/Documents/turing/mod3/movie-tracker/The_Best_Movies/src/containers/Login/Login.js
FN:10,(anonymous_0)
FN:20,(anonymous_1)
FN:27,(anonymous_2)
FN:36,(anonymous_3)
FN:42,(anonymous_4)
FN:57,(anonymous_5)
FN:62,(anonymous_6)
FN:86,(anonymous_7)
FN:92,(anonymous_8)
FN:96,(anonymous_9)
FN:97,(anonymous_10)
FN:98,(anonymous_11)
FN:99,(anonymous_12)
FN:100,(anonymous_13)
FN:101,(anonymous_14)
FNF:15
FNH:12
FNDA:8,(anonymous_0)
FNDA:0,(anonymous_1)
FNDA:2,(anonymous_2)
FNDA:2,(anonymous_3)
FNDA:2,(anonymous_4)
FNDA:8,(anonymous_5)
FNDA:11,(anonymous_6)
FNDA:1,(anonymous_7)
FNDA:1,(anonymous_8)
FNDA:1,(anonymous_9)
FNDA:1,(anonymous_10)
FNDA:0,(anonymous_11)
FNDA:0,(anonymous_12)
FNDA:1,(anonymous_13)
FNDA:2,(anonymous_14)
DA:11,8
DA:12,8
DA:21,0
DA:22,0
DA:28,2
DA:29,2
DA:30,2
DA:31,2
DA:32,2
DA:33,2
DA:37,2
DA:38,2
DA:39,2
DA:43,2
DA:44,2
DA:45,2
DA:46,2
DA:47,2
DA:48,2
DA:50,0
DA:58,8
DA:59,8
DA:63,11
DA:65,11
DA:86,1
DA:92,4
DA:96,4
DA:97,1
DA:98,0
DA:99,0
DA:100,1
DA:101,2
DA:106,4
LF:33
LH:28
BRDA:66,0,0,2
BRDA:66,0,1,9
BRDA:82,1,0,9
BRDA:82,1,1,0
BRF:4
BRH:3
end_of_record
TN:
SF:/Users/whitneyburton/Documents/turing/mod3/movie-tracker/The_Best_Movies/src/containers/Profile/Profile.js
FN:9,(anonymous_0)
FN:10,(anonymous_1)
FN:24,(anonymous_2)
FN:29,(anonymous_3)
FN:35,(anonymous_4)
FN:39,(anonymous_5)
FN:40,(anonymous_6)
FN:41,(anonymous_7)
FN:42,(anonymous_8)
FNF:9
FNH:9
FNDA:8,(anonymous_0)
FNDA:1,(anonymous_1)
FNDA:1,(anonymous_2)
FNDA:1,(anonymous_3)
FNDA:1,(anonymous_4)
FNDA:1,(anonymous_5)
FNDA:1,(anonymous_6)
FNDA:1,(anonymous_7)
FNDA:1,(anonymous_8)
DA:9,4
DA:10,8
DA:11,1
DA:12,1
DA:13,1
DA:14,0
DA:16,0
DA:20,8
DA:24,1
DA:29,1
DA:35,4
DA:39,4
DA:40,1
DA:41,1
DA:42,1
DA:47,4
LF:16
LH:14
BRDA:22,0,0,7
BRDA:22,0,1,1
BRF:2
BRH:2
end_of_record
TN:
SF:/Users/whitneyburton/Documents/turing/mod3/movie-tracker/The_Best_Movies/src/reducers/loginReducer.js
FN:3,(anonymous_0)
FNF:1
FNH:1
FNDA:2,(anonymous_0)
DA:1,1
DA:3,1
DA:4,2
DA:6,1
DA:8,1
LF:5
LH:5
BRDA:3,0,0,1
BRDA:4,1,0,1
BRDA:4,1,1,1
BRF:3
BRH:3
end_of_record
TN:
SF:/Users/whitneyburton/Documents/turing/mod3/movie-tracker/The_Best_Movies/src/reducers/moviesReducer.js
FN:3,(anonymous_0)
FN:7,(anonymous_1)
FN:12,(anonymous_2)
FN:19,(anonymous_3)
FN:23,(anonymous_4)
FNF:5
FNH:4
FNDA:3,(anonymous_0)
FNDA:1,(anonymous_1)
FNDA:0,(anonymous_2)
FNDA:2,(anonymous_3)
FNDA:4,(anonymous_4)
DA:1,1
DA:3,1
DA:4,3
DA:5,3
DA:7,1
DA:8,1
DA:9,1
DA:12,0
DA:13,0
DA:19,1
DA:20,2
DA:21,2
DA:23,2
DA:24,4
DA:25,2
DA:28,2
DA:31,1
LF:17
LH:15
BRDA:3,0,0,2
BRDA:5,1,0,1
BRDA:5,1,1,0
BRDA:5,1,2,1
BRDA:5,1,3,1
BRDA:13,2,0,0
BRDA:13,2,1,0
BRDA:24,3,0,2
BRDA:24,3,1,2
BRF:9
BRH:6
end_of_record
TN:
SF:/Users/whitneyburton/Documents/turing/mod3/movie-tracker/The_Best_Movies/src/reducers/popupReducer.js
FN:3,(anonymous_0)
FNF:1
FNH:1
FNDA:2,(anonymous_0)
DA:1,1
DA:3,1
DA:4,2
DA:6,2
DA:8,0
LF:5
LH:4
BRDA:3,0,0,2
BRDA:4,1,0,2
BRDA:4,1,1,0
BRF:3
BRH:2
end_of_record
TN:
SF:/Users/whitneyburton/Documents/turing/mod3/movie-tracker/The_Best_Movies/src/reducers/userReducer.js
FN:3,(anonymous_0)
FNF:1
FNH:1
FNDA:2,(anonymous_0)
DA:1,1
DA:3,1
DA:4,2
DA:6,1
DA:8,1
LF:5
LH:5
BRDA:3,0,0,2
BRDA:4,1,0,1
BRDA:4,1,1,1
BRF:3
BRH:3
end_of_record
